CRITICAL - 2022-03-03 05:28:37 --> Undefined property: CodeIgniter\View\View::$load
#0 C:\xampp\htdocs\codedabble\app\Views\indexView.php(3): CodeIgniter\Debug\Exceptions->errorHandler(8, 'Undefined prope...', 'C:\\xampp\\htdocs...', 3, Array)
#1 C:\xampp\htdocs\codedabble\system\View\View.php(210): include('C:\\xampp\\htdocs...')
#2 C:\xampp\htdocs\codedabble\system\View\View.php(213): CodeIgniter\View\View->CodeIgniter\View\{closure}()
#3 C:\xampp\htdocs\codedabble\system\Common.php(1089): CodeIgniter\View\View->render('indexView', Array, true)
#4 C:\xampp\htdocs\codedabble\app\Controllers\Home.php(9): view('indexView')
#5 C:\xampp\htdocs\codedabble\system\CodeIgniter.php(832): App\Controllers\Home->index()
#6 C:\xampp\htdocs\codedabble\system\CodeIgniter.php(419): CodeIgniter\CodeIgniter->runController(Object(App\Controllers\Home))
#7 C:\xampp\htdocs\codedabble\system\CodeIgniter.php(326): CodeIgniter\CodeIgniter->handleRequest(NULL, Object(Config\Cache), false)
#8 C:\xampp\htdocs\codedabble\public\index.php(37): CodeIgniter\CodeIgniter->run()
#9 {main}
CRITICAL - 2022-03-03 05:29:22 --> Undefined property: App\Controllers\Home::$load
#0 C:\xampp\htdocs\codedabble\app\Controllers\Home.php(10): CodeIgniter\Debug\Exceptions->errorHandler(8, 'Undefined prope...', 'C:\\xampp\\htdocs...', 10, Array)
#1 C:\xampp\htdocs\codedabble\system\CodeIgniter.php(832): App\Controllers\Home->index()
#2 C:\xampp\htdocs\codedabble\system\CodeIgniter.php(419): CodeIgniter\CodeIgniter->runController(Object(App\Controllers\Home))
#3 C:\xampp\htdocs\codedabble\system\CodeIgniter.php(326): CodeIgniter\CodeIgniter->handleRequest(NULL, Object(Config\Cache), false)
#4 C:\xampp\htdocs\codedabble\public\index.php(37): CodeIgniter\CodeIgniter->run()
#5 {main}
CRITICAL - 2022-03-03 07:28:50 --> Undefined property: CodeIgniter\View\View::$load
#0 C:\xampp\htdocs\codedabble\app\Views\indexView.php(3): CodeIgniter\Debug\Exceptions->errorHandler(8, 'Undefined prope...', 'C:\\xampp\\htdocs...', 3, Array)
#1 C:\xampp\htdocs\codedabble\system\View\View.php(210): include('C:\\xampp\\htdocs...')
#2 C:\xampp\htdocs\codedabble\system\View\View.php(213): CodeIgniter\View\View->CodeIgniter\View\{closure}()
#3 C:\xampp\htdocs\codedabble\system\Common.php(1089): CodeIgniter\View\View->render('indexView', Array, true)
#4 C:\xampp\htdocs\codedabble\app\Controllers\Home.php(9): view('indexView')
#5 C:\xampp\htdocs\codedabble\system\CodeIgniter.php(832): App\Controllers\Home->index()
#6 C:\xampp\htdocs\codedabble\system\CodeIgniter.php(419): CodeIgniter\CodeIgniter->runController(Object(App\Controllers\Home))
#7 C:\xampp\htdocs\codedabble\system\CodeIgniter.php(326): CodeIgniter\CodeIgniter->handleRequest(NULL, Object(Config\Cache), false)
#8 C:\xampp\htdocs\codedabble\public\index.php(37): CodeIgniter\CodeIgniter->run()
#9 {main}
