CRITICAL - 2022-03-08 07:33:45 --> Undefined variable: data
#0 C:\xampp\htdocs\codedabble\app\Controllers\Home.php(55): CodeIgniter\Debug\Exceptions->errorHandler(8, 'Undefined varia...', 'C:\\xampp\\htdocs...', 55, Array)
#1 C:\xampp\htdocs\codedabble\system\CodeIgniter.php(832): App\Controllers\Home->register()
#2 C:\xampp\htdocs\codedabble\system\CodeIgniter.php(419): CodeIgniter\CodeIgniter->runController(Object(App\Controllers\Home))
#3 C:\xampp\htdocs\codedabble\system\CodeIgniter.php(326): CodeIgniter\CodeIgniter->handleRequest(NULL, Object(Config\Cache), false)
#4 C:\xampp\htdocs\codedabble\public\index.php(37): CodeIgniter\CodeIgniter->run()
#5 {main}
CRITICAL - 2022-03-08 07:33:57 --> Undefined variable: data
#0 C:\xampp\htdocs\codedabble\app\Controllers\Home.php(56): CodeIgniter\Debug\Exceptions->errorHandler(8, 'Undefined varia...', 'C:\\xampp\\htdocs...', 56, Array)
#1 C:\xampp\htdocs\codedabble\system\CodeIgniter.php(832): App\Controllers\Home->register()
#2 C:\xampp\htdocs\codedabble\system\CodeIgniter.php(419): CodeIgniter\CodeIgniter->runController(Object(App\Controllers\Home))
#3 C:\xampp\htdocs\codedabble\system\CodeIgniter.php(326): CodeIgniter\CodeIgniter->handleRequest(NULL, Object(Config\Cache), false)
#4 C:\xampp\htdocs\codedabble\public\index.php(37): CodeIgniter\CodeIgniter->run()
#5 {main}
CRITICAL - 2022-03-08 07:34:10 --> Undefined variable: data
#0 C:\xampp\htdocs\codedabble\app\Controllers\Home.php(56): CodeIgniter\Debug\Exceptions->errorHandler(8, 'Undefined varia...', 'C:\\xampp\\htdocs...', 56, Array)
#1 C:\xampp\htdocs\codedabble\system\CodeIgniter.php(832): App\Controllers\Home->register()
#2 C:\xampp\htdocs\codedabble\system\CodeIgniter.php(419): CodeIgniter\CodeIgniter->runController(Object(App\Controllers\Home))
#3 C:\xampp\htdocs\codedabble\system\CodeIgniter.php(326): CodeIgniter\CodeIgniter->handleRequest(NULL, Object(Config\Cache), false)
#4 C:\xampp\htdocs\codedabble\public\index.php(37): CodeIgniter\CodeIgniter->run()
#5 {main}
CRITICAL - 2022-03-08 07:34:14 --> Undefined variable: data
#0 C:\xampp\htdocs\codedabble\app\Controllers\Home.php(56): CodeIgniter\Debug\Exceptions->errorHandler(8, 'Undefined varia...', 'C:\\xampp\\htdocs...', 56, Array)
#1 C:\xampp\htdocs\codedabble\system\CodeIgniter.php(832): App\Controllers\Home->register()
#2 C:\xampp\htdocs\codedabble\system\CodeIgniter.php(419): CodeIgniter\CodeIgniter->runController(Object(App\Controllers\Home))
#3 C:\xampp\htdocs\codedabble\system\CodeIgniter.php(326): CodeIgniter\CodeIgniter->handleRequest(NULL, Object(Config\Cache), false)
#4 C:\xampp\htdocs\codedabble\public\index.php(37): CodeIgniter\CodeIgniter->run()
#5 {main}
CRITICAL - 2022-03-08 07:47:12 --> Invalid file: Signup.php
#0 C:\xampp\htdocs\codedabble\system\View\View.php(198): CodeIgniter\Exceptions\FrameworkException::forInvalidFile('Signup.php')
#1 C:\xampp\htdocs\codedabble\system\Common.php(1089): CodeIgniter\View\View->render('Signup', Array, true)
#2 C:\xampp\htdocs\codedabble\app\Controllers\Home.php(60): view('Signup', Array)
#3 C:\xampp\htdocs\codedabble\system\CodeIgniter.php(832): App\Controllers\Home->register()
#4 C:\xampp\htdocs\codedabble\system\CodeIgniter.php(419): CodeIgniter\CodeIgniter->runController(Object(App\Controllers\Home))
#5 C:\xampp\htdocs\codedabble\system\CodeIgniter.php(326): CodeIgniter\CodeIgniter->handleRequest(NULL, Object(Config\Cache), false)
#6 C:\xampp\htdocs\codedabble\public\index.php(37): CodeIgniter\CodeIgniter->run()
#7 {main}
CRITICAL - 2022-03-08 07:47:13 --> Invalid file: Signup.php
#0 C:\xampp\htdocs\codedabble\system\View\View.php(198): CodeIgniter\Exceptions\FrameworkException::forInvalidFile('Signup.php')
#1 C:\xampp\htdocs\codedabble\system\Common.php(1089): CodeIgniter\View\View->render('Signup', Array, true)
#2 C:\xampp\htdocs\codedabble\app\Controllers\Home.php(60): view('Signup', Array)
#3 C:\xampp\htdocs\codedabble\system\CodeIgniter.php(832): App\Controllers\Home->register()
#4 C:\xampp\htdocs\codedabble\system\CodeIgniter.php(419): CodeIgniter\CodeIgniter->runController(Object(App\Controllers\Home))
#5 C:\xampp\htdocs\codedabble\system\CodeIgniter.php(326): CodeIgniter\CodeIgniter->handleRequest(NULL, Object(Config\Cache), false)
#6 C:\xampp\htdocs\codedabble\public\index.php(37): CodeIgniter\CodeIgniter->run()
#7 {main}
CRITICAL - 2022-03-08 07:47:30 --> Invalid file: Signup.php
#0 C:\xampp\htdocs\codedabble\system\View\View.php(198): CodeIgniter\Exceptions\FrameworkException::forInvalidFile('Signup.php')
#1 C:\xampp\htdocs\codedabble\system\Common.php(1089): CodeIgniter\View\View->render('Signup', Array, true)
#2 C:\xampp\htdocs\codedabble\app\Controllers\Home.php(60): view('Signup', Array)
#3 C:\xampp\htdocs\codedabble\system\CodeIgniter.php(832): App\Controllers\Home->register()
#4 C:\xampp\htdocs\codedabble\system\CodeIgniter.php(419): CodeIgniter\CodeIgniter->runController(Object(App\Controllers\Home))
#5 C:\xampp\htdocs\codedabble\system\CodeIgniter.php(326): CodeIgniter\CodeIgniter->handleRequest(NULL, Object(Config\Cache), false)
#6 C:\xampp\htdocs\codedabble\public\index.php(37): CodeIgniter\CodeIgniter->run()
#7 {main}
CRITICAL - 2022-03-08 07:47:39 --> Undefined variable: validation
#0 C:\xampp\htdocs\codedabble\app\Views\register.php(7): CodeIgniter\Debug\Exceptions->errorHandler(8, 'Undefined varia...', 'C:\\xampp\\htdocs...', 7, Array)
#1 C:\xampp\htdocs\codedabble\system\View\View.php(210): include('C:\\xampp\\htdocs...')
#2 C:\xampp\htdocs\codedabble\system\View\View.php(213): CodeIgniter\View\View->CodeIgniter\View\{closure}()
#3 C:\xampp\htdocs\codedabble\system\Common.php(1089): CodeIgniter\View\View->render('register', Array, true)
#4 C:\xampp\htdocs\codedabble\app\Controllers\Home.php(67): view('register', Array)
#5 C:\xampp\htdocs\codedabble\system\CodeIgniter.php(832): App\Controllers\Home->register()
#6 C:\xampp\htdocs\codedabble\system\CodeIgniter.php(419): CodeIgniter\CodeIgniter->runController(Object(App\Controllers\Home))
#7 C:\xampp\htdocs\codedabble\system\CodeIgniter.php(326): CodeIgniter\CodeIgniter->handleRequest(NULL, Object(Config\Cache), false)
#8 C:\xampp\htdocs\codedabble\public\index.php(37): CodeIgniter\CodeIgniter->run()
#9 {main}
CRITICAL - 2022-03-08 07:53:08 --> Undefined variable: validation
#0 C:\xampp\htdocs\codedabble\app\Views\Signup.php(7): CodeIgniter\Debug\Exceptions->errorHandler(8, 'Undefined varia...', 'C:\\xampp\\htdocs...', 7, Array)
#1 C:\xampp\htdocs\codedabble\system\View\View.php(210): include('C:\\xampp\\htdocs...')
#2 C:\xampp\htdocs\codedabble\system\View\View.php(213): CodeIgniter\View\View->CodeIgniter\View\{closure}()
#3 C:\xampp\htdocs\codedabble\system\Common.php(1089): CodeIgniter\View\View->render('Signup', Array, true)
#4 C:\xampp\htdocs\codedabble\app\Controllers\Home.php(20): view('Signup', Array)
#5 C:\xampp\htdocs\codedabble\system\CodeIgniter.php(832): App\Controllers\Home->index()
#6 C:\xampp\htdocs\codedabble\system\CodeIgniter.php(419): CodeIgniter\CodeIgniter->runController(Object(App\Controllers\Home))
#7 C:\xampp\htdocs\codedabble\system\CodeIgniter.php(326): CodeIgniter\CodeIgniter->handleRequest(NULL, Object(Config\Cache), false)
#8 C:\xampp\htdocs\codedabble\public\index.php(37): CodeIgniter\CodeIgniter->run()
#9 {main}
CRITICAL - 2022-03-08 07:53:13 --> Undefined variable: validation
#0 C:\xampp\htdocs\codedabble\app\Views\Signup.php(7): CodeIgniter\Debug\Exceptions->errorHandler(8, 'Undefined varia...', 'C:\\xampp\\htdocs...', 7, Array)
#1 C:\xampp\htdocs\codedabble\system\View\View.php(210): include('C:\\xampp\\htdocs...')
#2 C:\xampp\htdocs\codedabble\system\View\View.php(213): CodeIgniter\View\View->CodeIgniter\View\{closure}()
#3 C:\xampp\htdocs\codedabble\system\Common.php(1089): CodeIgniter\View\View->render('Signup', Array, true)
#4 C:\xampp\htdocs\codedabble\app\Controllers\Home.php(20): view('Signup', Array)
#5 C:\xampp\htdocs\codedabble\system\CodeIgniter.php(832): App\Controllers\Home->index()
#6 C:\xampp\htdocs\codedabble\system\CodeIgniter.php(419): CodeIgniter\CodeIgniter->runController(Object(App\Controllers\Home))
#7 C:\xampp\htdocs\codedabble\system\CodeIgniter.php(326): CodeIgniter\CodeIgniter->handleRequest(NULL, Object(Config\Cache), false)
#8 C:\xampp\htdocs\codedabble\public\index.php(37): CodeIgniter\CodeIgniter->run()
#9 {main}
CRITICAL - 2022-03-08 07:55:45 --> syntax error, unexpected ';', expecting ']'
#0 C:\xampp\htdocs\codedabble\system\Autoloader\Autoloader.php(241): CodeIgniter\Autoloader\Autoloader->includeFile('C:\\xampp\\htdocs...')
#1 C:\xampp\htdocs\codedabble\system\Autoloader\Autoloader.php(219): CodeIgniter\Autoloader\Autoloader->loadInNamespace('App\\Controllers...')
#2 [internal function]: CodeIgniter\Autoloader\Autoloader->loadClass('App\\Controllers...')
#3 [internal function]: spl_autoload_call('App\\Controllers...')
#4 C:\xampp\htdocs\codedabble\system\CodeIgniter.php(797): class_exists('\\App\\Controller...', true)
#5 C:\xampp\htdocs\codedabble\system\CodeIgniter.php(406): CodeIgniter\CodeIgniter->startController()
#6 C:\xampp\htdocs\codedabble\system\CodeIgniter.php(326): CodeIgniter\CodeIgniter->handleRequest(NULL, Object(Config\Cache), false)
#7 C:\xampp\htdocs\codedabble\public\index.php(37): CodeIgniter\CodeIgniter->run()
#8 {main}
CRITICAL - 2022-03-08 07:56:02 --> syntax error, unexpected ';', expecting ']'
#0 C:\xampp\htdocs\codedabble\system\Autoloader\Autoloader.php(241): CodeIgniter\Autoloader\Autoloader->includeFile('C:\\xampp\\htdocs...')
#1 C:\xampp\htdocs\codedabble\system\Autoloader\Autoloader.php(219): CodeIgniter\Autoloader\Autoloader->loadInNamespace('App\\Controllers...')
#2 [internal function]: CodeIgniter\Autoloader\Autoloader->loadClass('App\\Controllers...')
#3 [internal function]: spl_autoload_call('App\\Controllers...')
#4 C:\xampp\htdocs\codedabble\system\CodeIgniter.php(797): class_exists('\\App\\Controller...', true)
#5 C:\xampp\htdocs\codedabble\system\CodeIgniter.php(406): CodeIgniter\CodeIgniter->startController()
#6 C:\xampp\htdocs\codedabble\system\CodeIgniter.php(326): CodeIgniter\CodeIgniter->handleRequest(NULL, Object(Config\Cache), false)
#7 C:\xampp\htdocs\codedabble\public\index.php(37): CodeIgniter\CodeIgniter->run()
#8 {main}
CRITICAL - 2022-03-08 07:57:05 --> Invalid file: Codedabble/register.php
#0 C:\xampp\htdocs\codedabble\system\View\View.php(198): CodeIgniter\Exceptions\FrameworkException::forInvalidFile('Codedabble/regi...')
#1 C:\xampp\htdocs\codedabble\system\Common.php(1089): CodeIgniter\View\View->render('Codedabble/regi...', Array, true)
#2 C:\xampp\htdocs\codedabble\app\Controllers\Home.php(83): view('Codedabble/regi...', Array)
#3 C:\xampp\htdocs\codedabble\system\CodeIgniter.php(832): App\Controllers\Home->register()
#4 C:\xampp\htdocs\codedabble\system\CodeIgniter.php(419): CodeIgniter\CodeIgniter->runController(Object(App\Controllers\Home))
#5 C:\xampp\htdocs\codedabble\system\CodeIgniter.php(326): CodeIgniter\CodeIgniter->handleRequest(NULL, Object(Config\Cache), false)
#6 C:\xampp\htdocs\codedabble\public\index.php(37): CodeIgniter\CodeIgniter->run()
#7 {main}
ERROR - 2022-03-08 08:10:00 --> Unknown column 'name' in 'field list'
CRITICAL - 2022-03-08 08:10:00 --> Unknown column 'name' in 'field list'
#0 C:\xampp\htdocs\codedabble\system\Database\MySQLi\Connection.php(292): mysqli->query('INSERT INTO `us...', 0)
#1 C:\xampp\htdocs\codedabble\system\Database\BaseConnection.php(670): CodeIgniter\Database\MySQLi\Connection->execute('INSERT INTO `us...')
#2 C:\xampp\htdocs\codedabble\system\Database\BaseConnection.php(598): CodeIgniter\Database\BaseConnection->simpleQuery('INSERT INTO `us...')
#3 C:\xampp\htdocs\codedabble\system\Database\BaseBuilder.php(1771): CodeIgniter\Database\BaseConnection->query('INSERT INTO `us...', Array, false)
#4 C:\xampp\htdocs\codedabble\system\Model.php(239): CodeIgniter\Database\BaseBuilder->insert()
#5 C:\xampp\htdocs\codedabble\system\BaseModel.php(738): CodeIgniter\Model->doInsert(Array)
#6 C:\xampp\htdocs\codedabble\system\Model.php(625): CodeIgniter\BaseModel->insert(Array, false)
#7 C:\xampp\htdocs\codedabble\system\BaseModel.php(658): CodeIgniter\Model->insert(Array, false)
#8 C:\xampp\htdocs\codedabble\app\Controllers\SignupController.php(32): CodeIgniter\BaseModel->save(Array)
#9 C:\xampp\htdocs\codedabble\system\CodeIgniter.php(832): App\Controllers\SignupController->store()
#10 C:\xampp\htdocs\codedabble\system\CodeIgniter.php(419): CodeIgniter\CodeIgniter->runController(Object(App\Controllers\SignupController))
#11 C:\xampp\htdocs\codedabble\system\CodeIgniter.php(326): CodeIgniter\CodeIgniter->handleRequest(NULL, Object(Config\Cache), false)
#12 C:\xampp\htdocs\codedabble\public\index.php(37): CodeIgniter\CodeIgniter->run()
#13 {main}
CRITICAL - 2022-03-08 08:28:13 --> syntax error, unexpected 'mb' (T_STRING), expecting ';' or ','
#0 C:\xampp\htdocs\codedabble\system\View\View.php(213): CodeIgniter\View\View->CodeIgniter\View\{closure}()
#1 C:\xampp\htdocs\codedabble\system\Common.php(1089): CodeIgniter\View\View->render('register', Array, true)
#2 C:\xampp\htdocs\codedabble\app\Controllers\Home.php(14): view('register', Array)
#3 C:\xampp\htdocs\codedabble\system\CodeIgniter.php(832): App\Controllers\Home->index()
#4 C:\xampp\htdocs\codedabble\system\CodeIgniter.php(419): CodeIgniter\CodeIgniter->runController(Object(App\Controllers\Home))
#5 C:\xampp\htdocs\codedabble\system\CodeIgniter.php(326): CodeIgniter\CodeIgniter->handleRequest(NULL, Object(Config\Cache), false)
#6 C:\xampp\htdocs\codedabble\public\index.php(37): CodeIgniter\CodeIgniter->run()
#7 {main}
CRITICAL - 2022-03-08 08:28:53 --> Call to undefined function set_value()
#0 C:\xampp\htdocs\codedabble\system\View\View.php(210): include()
#1 C:\xampp\htdocs\codedabble\system\View\View.php(213): CodeIgniter\View\View->CodeIgniter\View\{closure}()
#2 C:\xampp\htdocs\codedabble\system\Common.php(1089): CodeIgniter\View\View->render('register', Array, true)
#3 C:\xampp\htdocs\codedabble\app\Controllers\Home.php(14): view('register', Array)
#4 C:\xampp\htdocs\codedabble\system\CodeIgniter.php(832): App\Controllers\Home->index()
#5 C:\xampp\htdocs\codedabble\system\CodeIgniter.php(419): CodeIgniter\CodeIgniter->runController(Object(App\Controllers\Home))
#6 C:\xampp\htdocs\codedabble\system\CodeIgniter.php(326): CodeIgniter\CodeIgniter->handleRequest(NULL, Object(Config\Cache), false)
#7 C:\xampp\htdocs\codedabble\public\index.php(37): CodeIgniter\CodeIgniter->run()
#8 {main}
CRITICAL - 2022-03-08 08:28:58 --> Call to undefined function set_value()
#0 C:\xampp\htdocs\codedabble\system\View\View.php(210): include()
#1 C:\xampp\htdocs\codedabble\system\View\View.php(213): CodeIgniter\View\View->CodeIgniter\View\{closure}()
#2 C:\xampp\htdocs\codedabble\system\Common.php(1089): CodeIgniter\View\View->render('register', Array, true)
#3 C:\xampp\htdocs\codedabble\app\Controllers\Home.php(14): view('register', Array)
#4 C:\xampp\htdocs\codedabble\system\CodeIgniter.php(832): App\Controllers\Home->index()
#5 C:\xampp\htdocs\codedabble\system\CodeIgniter.php(419): CodeIgniter\CodeIgniter->runController(Object(App\Controllers\Home))
#6 C:\xampp\htdocs\codedabble\system\CodeIgniter.php(326): CodeIgniter\CodeIgniter->handleRequest(NULL, Object(Config\Cache), false)
#7 C:\xampp\htdocs\codedabble\public\index.php(37): CodeIgniter\CodeIgniter->run()
#8 {main}
