CRITICAL - 2022-03-09 00:59:49 --> Class 'App\Model\UserModel' not found
#0 C:\xampp\htdocs\codedabble\system\CodeIgniter.php(832): App\Controllers\Home->register()
#1 C:\xampp\htdocs\codedabble\system\CodeIgniter.php(419): CodeIgniter\CodeIgniter->runController(Object(App\Controllers\Home))
#2 C:\xampp\htdocs\codedabble\system\CodeIgniter.php(326): CodeIgniter\CodeIgniter->handleRequest(NULL, Object(Config\Cache), false)
#3 C:\xampp\htdocs\codedabble\public\index.php(37): CodeIgniter\CodeIgniter->run()
#4 {main}
CRITICAL - 2022-03-09 00:59:54 --> Class 'App\Model\UserModel' not found
#0 C:\xampp\htdocs\codedabble\system\CodeIgniter.php(832): App\Controllers\Home->register()
#1 C:\xampp\htdocs\codedabble\system\CodeIgniter.php(419): CodeIgniter\CodeIgniter->runController(Object(App\Controllers\Home))
#2 C:\xampp\htdocs\codedabble\system\CodeIgniter.php(326): CodeIgniter\CodeIgniter->handleRequest(NULL, Object(Config\Cache), false)
#3 C:\xampp\htdocs\codedabble\public\index.php(37): CodeIgniter\CodeIgniter->run()
#4 {main}
CRITICAL - 2022-03-09 01:00:13 --> Undefined variable: model
#0 C:\xampp\htdocs\codedabble\app\Controllers\Home.php(36): CodeIgniter\Debug\Exceptions->errorHandler(8, 'Undefined varia...', 'C:\\xampp\\htdocs...', 36, Array)
#1 C:\xampp\htdocs\codedabble\system\CodeIgniter.php(832): App\Controllers\Home->register()
#2 C:\xampp\htdocs\codedabble\system\CodeIgniter.php(419): CodeIgniter\CodeIgniter->runController(Object(App\Controllers\Home))
#3 C:\xampp\htdocs\codedabble\system\CodeIgniter.php(326): CodeIgniter\CodeIgniter->handleRequest(NULL, Object(Config\Cache), false)
#4 C:\xampp\htdocs\codedabble\public\index.php(37): CodeIgniter\CodeIgniter->run()
#5 {main}
CRITICAL - 2022-03-09 01:00:19 --> Undefined variable: model
#0 C:\xampp\htdocs\codedabble\app\Controllers\Home.php(36): CodeIgniter\Debug\Exceptions->errorHandler(8, 'Undefined varia...', 'C:\\xampp\\htdocs...', 36, Array)
#1 C:\xampp\htdocs\codedabble\system\CodeIgniter.php(832): App\Controllers\Home->register()
#2 C:\xampp\htdocs\codedabble\system\CodeIgniter.php(419): CodeIgniter\CodeIgniter->runController(Object(App\Controllers\Home))
#3 C:\xampp\htdocs\codedabble\system\CodeIgniter.php(326): CodeIgniter\CodeIgniter->handleRequest(NULL, Object(Config\Cache), false)
#4 C:\xampp\htdocs\codedabble\public\index.php(37): CodeIgniter\CodeIgniter->run()
#5 {main}
CRITICAL - 2022-03-09 02:05:55 --> Undefined variable: session
#0 C:\xampp\htdocs\codedabble\app\Views\register.php(55): CodeIgniter\Debug\Exceptions->errorHandler(8, 'Undefined varia...', 'C:\\xampp\\htdocs...', 55, Array)
#1 C:\xampp\htdocs\codedabble\system\View\View.php(210): include('C:\\xampp\\htdocs...')
#2 C:\xampp\htdocs\codedabble\system\View\View.php(213): CodeIgniter\View\View->CodeIgniter\View\{closure}()
#3 C:\xampp\htdocs\codedabble\system\Common.php(1089): CodeIgniter\View\View->render('register', Array, true)
#4 C:\xampp\htdocs\codedabble\app\Controllers\Home.php(53): view('register', Array)
#5 C:\xampp\htdocs\codedabble\system\CodeIgniter.php(832): App\Controllers\Home->register()
#6 C:\xampp\htdocs\codedabble\system\CodeIgniter.php(419): CodeIgniter\CodeIgniter->runController(Object(App\Controllers\Home))
#7 C:\xampp\htdocs\codedabble\system\CodeIgniter.php(326): CodeIgniter\CodeIgniter->handleRequest(NULL, Object(Config\Cache), false)
#8 C:\xampp\htdocs\codedabble\public\index.php(37): CodeIgniter\CodeIgniter->run()
#9 {main}
CRITICAL - 2022-03-09 02:06:12 --> Undefined variable: session
#0 C:\xampp\htdocs\codedabble\app\Views\register.php(55): CodeIgniter\Debug\Exceptions->errorHandler(8, 'Undefined varia...', 'C:\\xampp\\htdocs...', 55, Array)
#1 C:\xampp\htdocs\codedabble\system\View\View.php(210): include('C:\\xampp\\htdocs...')
#2 C:\xampp\htdocs\codedabble\system\View\View.php(213): CodeIgniter\View\View->CodeIgniter\View\{closure}()
#3 C:\xampp\htdocs\codedabble\system\Common.php(1089): CodeIgniter\View\View->render('register', Array, true)
#4 C:\xampp\htdocs\codedabble\app\Controllers\Home.php(53): view('register', Array)
#5 C:\xampp\htdocs\codedabble\system\CodeIgniter.php(832): App\Controllers\Home->register()
#6 C:\xampp\htdocs\codedabble\system\CodeIgniter.php(419): CodeIgniter\CodeIgniter->runController(Object(App\Controllers\Home))
#7 C:\xampp\htdocs\codedabble\system\CodeIgniter.php(326): CodeIgniter\CodeIgniter->handleRequest(NULL, Object(Config\Cache), false)
#8 C:\xampp\htdocs\codedabble\public\index.php(37): CodeIgniter\CodeIgniter->run()
#9 {main}
CRITICAL - 2022-03-09 05:26:42 --> Invalid file: forum.php
#0 C:\xampp\htdocs\codedabble\system\View\View.php(198): CodeIgniter\Exceptions\FrameworkException::forInvalidFile('forum.php')
#1 C:\xampp\htdocs\codedabble\system\Common.php(1089): CodeIgniter\View\View->render('forum', Array, true)
#2 C:\xampp\htdocs\codedabble\app\Controllers\Home.php(24): view('forum')
#3 C:\xampp\htdocs\codedabble\system\CodeIgniter.php(832): App\Controllers\Home->forum()
#4 C:\xampp\htdocs\codedabble\system\CodeIgniter.php(419): CodeIgniter\CodeIgniter->runController(Object(App\Controllers\Home))
#5 C:\xampp\htdocs\codedabble\system\CodeIgniter.php(326): CodeIgniter\CodeIgniter->handleRequest(NULL, Object(Config\Cache), false)
#6 C:\xampp\htdocs\codedabble\public\index.php(37): CodeIgniter\CodeIgniter->run()
#7 {main}
CRITICAL - 2022-03-09 05:26:44 --> Invalid file: forum.php
#0 C:\xampp\htdocs\codedabble\system\View\View.php(198): CodeIgniter\Exceptions\FrameworkException::forInvalidFile('forum.php')
#1 C:\xampp\htdocs\codedabble\system\Common.php(1089): CodeIgniter\View\View->render('forum', Array, true)
#2 C:\xampp\htdocs\codedabble\app\Controllers\Home.php(24): view('forum')
#3 C:\xampp\htdocs\codedabble\system\CodeIgniter.php(832): App\Controllers\Home->forum()
#4 C:\xampp\htdocs\codedabble\system\CodeIgniter.php(419): CodeIgniter\CodeIgniter->runController(Object(App\Controllers\Home))
#5 C:\xampp\htdocs\codedabble\system\CodeIgniter.php(326): CodeIgniter\CodeIgniter->handleRequest(NULL, Object(Config\Cache), false)
#6 C:\xampp\htdocs\codedabble\public\index.php(37): CodeIgniter\CodeIgniter->run()
#7 {main}
CRITICAL - 2022-03-09 05:26:46 --> Invalid file: forum.php
#0 C:\xampp\htdocs\codedabble\system\View\View.php(198): CodeIgniter\Exceptions\FrameworkException::forInvalidFile('forum.php')
#1 C:\xampp\htdocs\codedabble\system\Common.php(1089): CodeIgniter\View\View->render('forum', Array, true)
#2 C:\xampp\htdocs\codedabble\app\Controllers\Home.php(24): view('forum')
#3 C:\xampp\htdocs\codedabble\system\CodeIgniter.php(832): App\Controllers\Home->forum()
#4 C:\xampp\htdocs\codedabble\system\CodeIgniter.php(419): CodeIgniter\CodeIgniter->runController(Object(App\Controllers\Home))
#5 C:\xampp\htdocs\codedabble\system\CodeIgniter.php(326): CodeIgniter\CodeIgniter->handleRequest(NULL, Object(Config\Cache), false)
#6 C:\xampp\htdocs\codedabble\public\index.php(37): CodeIgniter\CodeIgniter->run()
#7 {main}
CRITICAL - 2022-03-09 05:28:12 --> Invalid file: forum.php
#0 C:\xampp\htdocs\codedabble\system\View\View.php(198): CodeIgniter\Exceptions\FrameworkException::forInvalidFile('forum.php')
#1 C:\xampp\htdocs\codedabble\system\Common.php(1089): CodeIgniter\View\View->render('forum', Array, true)
#2 C:\xampp\htdocs\codedabble\app\Controllers\Home.php(15): view('forum')
#3 C:\xampp\htdocs\codedabble\system\CodeIgniter.php(832): App\Controllers\Home->index()
#4 C:\xampp\htdocs\codedabble\system\CodeIgniter.php(419): CodeIgniter\CodeIgniter->runController(Object(App\Controllers\Home))
#5 C:\xampp\htdocs\codedabble\system\CodeIgniter.php(326): CodeIgniter\CodeIgniter->handleRequest(NULL, Object(Config\Cache), false)
#6 C:\xampp\htdocs\codedabble\public\index.php(37): CodeIgniter\CodeIgniter->run()
#7 {main}
CRITICAL - 2022-03-09 22:24:37 --> Class 'App\Controllers\ForumModel' not found
#0 C:\xampp\htdocs\codedabble\system\CodeIgniter.php(832): App\Controllers\Home->addquestion()
#1 C:\xampp\htdocs\codedabble\system\CodeIgniter.php(419): CodeIgniter\CodeIgniter->runController(Object(App\Controllers\Home))
#2 C:\xampp\htdocs\codedabble\system\CodeIgniter.php(326): CodeIgniter\CodeIgniter->handleRequest(NULL, Object(Config\Cache), false)
#3 C:\xampp\htdocs\codedabble\public\index.php(37): CodeIgniter\CodeIgniter->run()
#4 {main}
CRITICAL - 2022-03-09 22:27:10 --> Class 'App\Model\ForumModel' not found
#0 C:\xampp\htdocs\codedabble\system\CodeIgniter.php(832): App\Controllers\Home->addquestion()
#1 C:\xampp\htdocs\codedabble\system\CodeIgniter.php(419): CodeIgniter\CodeIgniter->runController(Object(App\Controllers\Home))
#2 C:\xampp\htdocs\codedabble\system\CodeIgniter.php(326): CodeIgniter\CodeIgniter->handleRequest(NULL, Object(Config\Cache), false)
#3 C:\xampp\htdocs\codedabble\public\index.php(37): CodeIgniter\CodeIgniter->run()
#4 {main}
CRITICAL - 2022-03-09 22:27:17 --> Class 'App\Model\ForumModel' not found
#0 C:\xampp\htdocs\codedabble\system\CodeIgniter.php(832): App\Controllers\Home->addquestion()
#1 C:\xampp\htdocs\codedabble\system\CodeIgniter.php(419): CodeIgniter\CodeIgniter->runController(Object(App\Controllers\Home))
#2 C:\xampp\htdocs\codedabble\system\CodeIgniter.php(326): CodeIgniter\CodeIgniter->handleRequest(NULL, Object(Config\Cache), false)
#3 C:\xampp\htdocs\codedabble\public\index.php(37): CodeIgniter\CodeIgniter->run()
#4 {main}
CRITICAL - 2022-03-09 22:38:20 --> Class 'App\Model\ForumModel' not found
#0 C:\xampp\htdocs\codedabble\system\CodeIgniter.php(832): App\Controllers\Home->addquestion()
#1 C:\xampp\htdocs\codedabble\system\CodeIgniter.php(419): CodeIgniter\CodeIgniter->runController(Object(App\Controllers\Home))
#2 C:\xampp\htdocs\codedabble\system\CodeIgniter.php(326): CodeIgniter\CodeIgniter->handleRequest(NULL, Object(Config\Cache), false)
#3 C:\xampp\htdocs\codedabble\public\index.php(37): CodeIgniter\CodeIgniter->run()
#4 {main}
CRITICAL - 2022-03-09 22:39:34 --> Class 'App\Model\ForumModel' not found
#0 C:\xampp\htdocs\codedabble\system\CodeIgniter.php(832): App\Controllers\Home->addquestion()
#1 C:\xampp\htdocs\codedabble\system\CodeIgniter.php(419): CodeIgniter\CodeIgniter->runController(Object(App\Controllers\Home))
#2 C:\xampp\htdocs\codedabble\system\CodeIgniter.php(326): CodeIgniter\CodeIgniter->handleRequest(NULL, Object(Config\Cache), false)
#3 C:\xampp\htdocs\codedabble\public\index.php(37): CodeIgniter\CodeIgniter->run()
#4 {main}
CRITICAL - 2022-03-09 23:46:56 --> Class 'App\Model\ForumModel' not found
#0 C:\xampp\htdocs\codedabble\system\CodeIgniter.php(832): App\Controllers\Home->addquestion()
#1 C:\xampp\htdocs\codedabble\system\CodeIgniter.php(419): CodeIgniter\CodeIgniter->runController(Object(App\Controllers\Home))
#2 C:\xampp\htdocs\codedabble\system\CodeIgniter.php(326): CodeIgniter\CodeIgniter->handleRequest(NULL, Object(Config\Cache), false)
#3 C:\xampp\htdocs\codedabble\public\index.php(37): CodeIgniter\CodeIgniter->run()
#4 {main}
CRITICAL - 2022-03-09 23:51:56 --> Class 'App\Model\ForumModel' not found
#0 C:\xampp\htdocs\codedabble\system\CodeIgniter.php(832): App\Controllers\Home->addquestion()
#1 C:\xampp\htdocs\codedabble\system\CodeIgniter.php(419): CodeIgniter\CodeIgniter->runController(Object(App\Controllers\Home))
#2 C:\xampp\htdocs\codedabble\system\CodeIgniter.php(326): CodeIgniter\CodeIgniter->handleRequest(NULL, Object(Config\Cache), false)
#3 C:\xampp\htdocs\codedabble\public\index.php(37): CodeIgniter\CodeIgniter->run()
#4 {main}
