CRITICAL - 2022-03-15 03:45:20 --> Trying to access array offset on value of type null
#0 C:\xampp\htdocs\codedabble\app\Views\viewforum.php(7): CodeIgniter\Debug\Exceptions->errorHandler(8, 'Trying to acces...', 'C:\\xampp\\htdocs...', 7, Array)
#1 C:\xampp\htdocs\codedabble\system\View\View.php(210): include('C:\\xampp\\htdocs...')
#2 C:\xampp\htdocs\codedabble\system\View\View.php(213): CodeIgniter\View\View->CodeIgniter\View\{closure}()
#3 C:\xampp\htdocs\codedabble\system\Common.php(1089): CodeIgniter\View\View->render('viewforum', Array, true)
#4 C:\xampp\htdocs\codedabble\app\Controllers\AskQuestion.php(75): view('viewforum', Array)
#5 C:\xampp\htdocs\codedabble\system\CodeIgniter.php(832): App\Controllers\AskQuestion->post('ace', 'src-noconflict', 'ace.js')
#6 C:\xampp\htdocs\codedabble\system\CodeIgniter.php(419): CodeIgniter\CodeIgniter->runController(Object(App\Controllers\AskQuestion))
#7 C:\xampp\htdocs\codedabble\system\CodeIgniter.php(326): CodeIgniter\CodeIgniter->handleRequest(NULL, Object(Config\Cache), false)
#8 C:\xampp\htdocs\codedabble\public\index.php(37): CodeIgniter\CodeIgniter->run()
#9 {main}
CRITICAL - 2022-03-15 03:45:20 --> Trying to access array offset on value of type null
#0 C:\xampp\htdocs\codedabble\app\Views\viewforum.php(7): CodeIgniter\Debug\Exceptions->errorHandler(8, 'Trying to acces...', 'C:\\xampp\\htdocs...', 7, Array)
#1 C:\xampp\htdocs\codedabble\system\View\View.php(210): include('C:\\xampp\\htdocs...')
#2 C:\xampp\htdocs\codedabble\system\View\View.php(213): CodeIgniter\View\View->CodeIgniter\View\{closure}()
#3 C:\xampp\htdocs\codedabble\system\Common.php(1089): CodeIgniter\View\View->render('viewforum', Array, true)
#4 C:\xampp\htdocs\codedabble\app\Controllers\AskQuestion.php(75): view('viewforum', Array)
#5 C:\xampp\htdocs\codedabble\system\CodeIgniter.php(832): App\Controllers\AskQuestion->post('js', 'ext-language_to...')
#6 C:\xampp\htdocs\codedabble\system\CodeIgniter.php(419): CodeIgniter\CodeIgniter->runController(Object(App\Controllers\AskQuestion))
#7 C:\xampp\htdocs\codedabble\system\CodeIgniter.php(326): CodeIgniter\CodeIgniter->handleRequest(NULL, Object(Config\Cache), false)
#8 C:\xampp\htdocs\codedabble\public\index.php(37): CodeIgniter\CodeIgniter->run()
#9 {main}
CRITICAL - 2022-03-15 03:45:23 --> Trying to access array offset on value of type null
#0 C:\xampp\htdocs\codedabble\app\Views\viewforum.php(7): CodeIgniter\Debug\Exceptions->errorHandler(8, 'Trying to acces...', 'C:\\xampp\\htdocs...', 7, Array)
#1 C:\xampp\htdocs\codedabble\system\View\View.php(210): include('C:\\xampp\\htdocs...')
#2 C:\xampp\htdocs\codedabble\system\View\View.php(213): CodeIgniter\View\View->CodeIgniter\View\{closure}()
#3 C:\xampp\htdocs\codedabble\system\Common.php(1089): CodeIgniter\View\View->render('viewforum', Array, true)
#4 C:\xampp\htdocs\codedabble\app\Controllers\AskQuestion.php(75): view('viewforum', Array)
#5 C:\xampp\htdocs\codedabble\system\CodeIgniter.php(832): App\Controllers\AskQuestion->post('ace', 'src-noconflict', 'ace.js')
#6 C:\xampp\htdocs\codedabble\system\CodeIgniter.php(419): CodeIgniter\CodeIgniter->runController(Object(App\Controllers\AskQuestion))
#7 C:\xampp\htdocs\codedabble\system\CodeIgniter.php(326): CodeIgniter\CodeIgniter->handleRequest(NULL, Object(Config\Cache), false)
#8 C:\xampp\htdocs\codedabble\public\index.php(37): CodeIgniter\CodeIgniter->run()
#9 {main}
CRITICAL - 2022-03-15 03:45:23 --> Trying to access array offset on value of type null
#0 C:\xampp\htdocs\codedabble\app\Views\viewforum.php(7): CodeIgniter\Debug\Exceptions->errorHandler(8, 'Trying to acces...', 'C:\\xampp\\htdocs...', 7, Array)
#1 C:\xampp\htdocs\codedabble\system\View\View.php(210): include('C:\\xampp\\htdocs...')
#2 C:\xampp\htdocs\codedabble\system\View\View.php(213): CodeIgniter\View\View->CodeIgniter\View\{closure}()
#3 C:\xampp\htdocs\codedabble\system\Common.php(1089): CodeIgniter\View\View->render('viewforum', Array, true)
#4 C:\xampp\htdocs\codedabble\app\Controllers\AskQuestion.php(75): view('viewforum', Array)
#5 C:\xampp\htdocs\codedabble\system\CodeIgniter.php(832): App\Controllers\AskQuestion->post('js', 'ext-language_to...')
#6 C:\xampp\htdocs\codedabble\system\CodeIgniter.php(419): CodeIgniter\CodeIgniter->runController(Object(App\Controllers\AskQuestion))
#7 C:\xampp\htdocs\codedabble\system\CodeIgniter.php(326): CodeIgniter\CodeIgniter->handleRequest(NULL, Object(Config\Cache), false)
#8 C:\xampp\htdocs\codedabble\public\index.php(37): CodeIgniter\CodeIgniter->run()
#9 {main}
CRITICAL - 2022-03-15 03:45:27 --> Trying to access array offset on value of type null
#0 C:\xampp\htdocs\codedabble\app\Views\viewforum.php(7): CodeIgniter\Debug\Exceptions->errorHandler(8, 'Trying to acces...', 'C:\\xampp\\htdocs...', 7, Array)
#1 C:\xampp\htdocs\codedabble\system\View\View.php(210): include('C:\\xampp\\htdocs...')
#2 C:\xampp\htdocs\codedabble\system\View\View.php(213): CodeIgniter\View\View->CodeIgniter\View\{closure}()
#3 C:\xampp\htdocs\codedabble\system\Common.php(1089): CodeIgniter\View\View->render('viewforum', Array, true)
#4 C:\xampp\htdocs\codedabble\app\Controllers\AskQuestion.php(75): view('viewforum', Array)
#5 C:\xampp\htdocs\codedabble\system\CodeIgniter.php(832): App\Controllers\AskQuestion->post('js', 'ext-language_to...')
#6 C:\xampp\htdocs\codedabble\system\CodeIgniter.php(419): CodeIgniter\CodeIgniter->runController(Object(App\Controllers\AskQuestion))
#7 C:\xampp\htdocs\codedabble\system\CodeIgniter.php(326): CodeIgniter\CodeIgniter->handleRequest(NULL, Object(Config\Cache), false)
#8 C:\xampp\htdocs\codedabble\public\index.php(37): CodeIgniter\CodeIgniter->run()
#9 {main}
CRITICAL - 2022-03-15 03:45:27 --> Trying to access array offset on value of type null
#0 C:\xampp\htdocs\codedabble\app\Views\viewforum.php(7): CodeIgniter\Debug\Exceptions->errorHandler(8, 'Trying to acces...', 'C:\\xampp\\htdocs...', 7, Array)
#1 C:\xampp\htdocs\codedabble\system\View\View.php(210): include('C:\\xampp\\htdocs...')
#2 C:\xampp\htdocs\codedabble\system\View\View.php(213): CodeIgniter\View\View->CodeIgniter\View\{closure}()
#3 C:\xampp\htdocs\codedabble\system\Common.php(1089): CodeIgniter\View\View->render('viewforum', Array, true)
#4 C:\xampp\htdocs\codedabble\app\Controllers\AskQuestion.php(75): view('viewforum', Array)
#5 C:\xampp\htdocs\codedabble\system\CodeIgniter.php(832): App\Controllers\AskQuestion->post('ace', 'src-noconflict', 'ace.js')
#6 C:\xampp\htdocs\codedabble\system\CodeIgniter.php(419): CodeIgniter\CodeIgniter->runController(Object(App\Controllers\AskQuestion))
#7 C:\xampp\htdocs\codedabble\system\CodeIgniter.php(326): CodeIgniter\CodeIgniter->handleRequest(NULL, Object(Config\Cache), false)
#8 C:\xampp\htdocs\codedabble\public\index.php(37): CodeIgniter\CodeIgniter->run()
#9 {main}
CRITICAL - 2022-03-15 03:45:30 --> Trying to access array offset on value of type null
#0 C:\xampp\htdocs\codedabble\app\Views\viewforum.php(7): CodeIgniter\Debug\Exceptions->errorHandler(8, 'Trying to acces...', 'C:\\xampp\\htdocs...', 7, Array)
#1 C:\xampp\htdocs\codedabble\system\View\View.php(210): include('C:\\xampp\\htdocs...')
#2 C:\xampp\htdocs\codedabble\system\View\View.php(213): CodeIgniter\View\View->CodeIgniter\View\{closure}()
#3 C:\xampp\htdocs\codedabble\system\Common.php(1089): CodeIgniter\View\View->render('viewforum', Array, true)
#4 C:\xampp\htdocs\codedabble\app\Controllers\AskQuestion.php(75): view('viewforum', Array)
#5 C:\xampp\htdocs\codedabble\system\CodeIgniter.php(832): App\Controllers\AskQuestion->post('js', 'ext-language_to...')
#6 C:\xampp\htdocs\codedabble\system\CodeIgniter.php(419): CodeIgniter\CodeIgniter->runController(Object(App\Controllers\AskQuestion))
#7 C:\xampp\htdocs\codedabble\system\CodeIgniter.php(326): CodeIgniter\CodeIgniter->handleRequest(NULL, Object(Config\Cache), false)
#8 C:\xampp\htdocs\codedabble\public\index.php(37): CodeIgniter\CodeIgniter->run()
#9 {main}
CRITICAL - 2022-03-15 03:45:30 --> Trying to access array offset on value of type null
#0 C:\xampp\htdocs\codedabble\app\Views\viewforum.php(7): CodeIgniter\Debug\Exceptions->errorHandler(8, 'Trying to acces...', 'C:\\xampp\\htdocs...', 7, Array)
#1 C:\xampp\htdocs\codedabble\system\View\View.php(210): include('C:\\xampp\\htdocs...')
#2 C:\xampp\htdocs\codedabble\system\View\View.php(213): CodeIgniter\View\View->CodeIgniter\View\{closure}()
#3 C:\xampp\htdocs\codedabble\system\Common.php(1089): CodeIgniter\View\View->render('viewforum', Array, true)
#4 C:\xampp\htdocs\codedabble\app\Controllers\AskQuestion.php(75): view('viewforum', Array)
#5 C:\xampp\htdocs\codedabble\system\CodeIgniter.php(832): App\Controllers\AskQuestion->post('ace', 'src-noconflict', 'ace.js')
#6 C:\xampp\htdocs\codedabble\system\CodeIgniter.php(419): CodeIgniter\CodeIgniter->runController(Object(App\Controllers\AskQuestion))
#7 C:\xampp\htdocs\codedabble\system\CodeIgniter.php(326): CodeIgniter\CodeIgniter->handleRequest(NULL, Object(Config\Cache), false)
#8 C:\xampp\htdocs\codedabble\public\index.php(37): CodeIgniter\CodeIgniter->run()
#9 {main}
CRITICAL - 2022-03-15 03:45:34 --> Trying to access array offset on value of type null
#0 C:\xampp\htdocs\codedabble\app\Views\viewforum.php(7): CodeIgniter\Debug\Exceptions->errorHandler(8, 'Trying to acces...', 'C:\\xampp\\htdocs...', 7, Array)
#1 C:\xampp\htdocs\codedabble\system\View\View.php(210): include('C:\\xampp\\htdocs...')
#2 C:\xampp\htdocs\codedabble\system\View\View.php(213): CodeIgniter\View\View->CodeIgniter\View\{closure}()
#3 C:\xampp\htdocs\codedabble\system\Common.php(1089): CodeIgniter\View\View->render('viewforum', Array, true)
#4 C:\xampp\htdocs\codedabble\app\Controllers\AskQuestion.php(75): view('viewforum', Array)
#5 C:\xampp\htdocs\codedabble\system\CodeIgniter.php(832): App\Controllers\AskQuestion->post('ace', 'src-noconflict', 'ace.js')
#6 C:\xampp\htdocs\codedabble\system\CodeIgniter.php(419): CodeIgniter\CodeIgniter->runController(Object(App\Controllers\AskQuestion))
#7 C:\xampp\htdocs\codedabble\system\CodeIgniter.php(326): CodeIgniter\CodeIgniter->handleRequest(NULL, Object(Config\Cache), false)
#8 C:\xampp\htdocs\codedabble\public\index.php(37): CodeIgniter\CodeIgniter->run()
#9 {main}
CRITICAL - 2022-03-15 03:45:34 --> Trying to access array offset on value of type null
#0 C:\xampp\htdocs\codedabble\app\Views\viewforum.php(7): CodeIgniter\Debug\Exceptions->errorHandler(8, 'Trying to acces...', 'C:\\xampp\\htdocs...', 7, Array)
#1 C:\xampp\htdocs\codedabble\system\View\View.php(210): include('C:\\xampp\\htdocs...')
#2 C:\xampp\htdocs\codedabble\system\View\View.php(213): CodeIgniter\View\View->CodeIgniter\View\{closure}()
#3 C:\xampp\htdocs\codedabble\system\Common.php(1089): CodeIgniter\View\View->render('viewforum', Array, true)
#4 C:\xampp\htdocs\codedabble\app\Controllers\AskQuestion.php(75): view('viewforum', Array)
#5 C:\xampp\htdocs\codedabble\system\CodeIgniter.php(832): App\Controllers\AskQuestion->post('js', 'ext-language_to...')
#6 C:\xampp\htdocs\codedabble\system\CodeIgniter.php(419): CodeIgniter\CodeIgniter->runController(Object(App\Controllers\AskQuestion))
#7 C:\xampp\htdocs\codedabble\system\CodeIgniter.php(326): CodeIgniter\CodeIgniter->handleRequest(NULL, Object(Config\Cache), false)
#8 C:\xampp\htdocs\codedabble\public\index.php(37): CodeIgniter\CodeIgniter->run()
#9 {main}
CRITICAL - 2022-03-15 03:45:36 --> Trying to access array offset on value of type null
#0 C:\xampp\htdocs\codedabble\app\Views\viewforum.php(7): CodeIgniter\Debug\Exceptions->errorHandler(8, 'Trying to acces...', 'C:\\xampp\\htdocs...', 7, Array)
#1 C:\xampp\htdocs\codedabble\system\View\View.php(210): include('C:\\xampp\\htdocs...')
#2 C:\xampp\htdocs\codedabble\system\View\View.php(213): CodeIgniter\View\View->CodeIgniter\View\{closure}()
#3 C:\xampp\htdocs\codedabble\system\Common.php(1089): CodeIgniter\View\View->render('viewforum', Array, true)
#4 C:\xampp\htdocs\codedabble\app\Controllers\AskQuestion.php(75): view('viewforum', Array)
#5 C:\xampp\htdocs\codedabble\system\CodeIgniter.php(832): App\Controllers\AskQuestion->post('ace', 'src-noconflict', 'ace.js')
#6 C:\xampp\htdocs\codedabble\system\CodeIgniter.php(419): CodeIgniter\CodeIgniter->runController(Object(App\Controllers\AskQuestion))
#7 C:\xampp\htdocs\codedabble\system\CodeIgniter.php(326): CodeIgniter\CodeIgniter->handleRequest(NULL, Object(Config\Cache), false)
#8 C:\xampp\htdocs\codedabble\public\index.php(37): CodeIgniter\CodeIgniter->run()
#9 {main}
CRITICAL - 2022-03-15 03:45:36 --> Trying to access array offset on value of type null
#0 C:\xampp\htdocs\codedabble\app\Views\viewforum.php(7): CodeIgniter\Debug\Exceptions->errorHandler(8, 'Trying to acces...', 'C:\\xampp\\htdocs...', 7, Array)
#1 C:\xampp\htdocs\codedabble\system\View\View.php(210): include('C:\\xampp\\htdocs...')
#2 C:\xampp\htdocs\codedabble\system\View\View.php(213): CodeIgniter\View\View->CodeIgniter\View\{closure}()
#3 C:\xampp\htdocs\codedabble\system\Common.php(1089): CodeIgniter\View\View->render('viewforum', Array, true)
#4 C:\xampp\htdocs\codedabble\app\Controllers\AskQuestion.php(75): view('viewforum', Array)
#5 C:\xampp\htdocs\codedabble\system\CodeIgniter.php(832): App\Controllers\AskQuestion->post('js', 'ext-language_to...')
#6 C:\xampp\htdocs\codedabble\system\CodeIgniter.php(419): CodeIgniter\CodeIgniter->runController(Object(App\Controllers\AskQuestion))
#7 C:\xampp\htdocs\codedabble\system\CodeIgniter.php(326): CodeIgniter\CodeIgniter->handleRequest(NULL, Object(Config\Cache), false)
#8 C:\xampp\htdocs\codedabble\public\index.php(37): CodeIgniter\CodeIgniter->run()
#9 {main}
CRITICAL - 2022-03-15 04:17:51 --> Trying to access array offset on value of type null
#0 C:\xampp\htdocs\codedabble\app\Views\viewforum.php(7): CodeIgniter\Debug\Exceptions->errorHandler(8, 'Trying to acces...', 'C:\\xampp\\htdocs...', 7, Array)
#1 C:\xampp\htdocs\codedabble\system\View\View.php(210): include('C:\\xampp\\htdocs...')
#2 C:\xampp\htdocs\codedabble\system\View\View.php(213): CodeIgniter\View\View->CodeIgniter\View\{closure}()
#3 C:\xampp\htdocs\codedabble\system\Common.php(1089): CodeIgniter\View\View->render('viewforum', Array, true)
#4 C:\xampp\htdocs\codedabble\app\Controllers\AskQuestion.php(75): view('viewforum', Array)
#5 C:\xampp\htdocs\codedabble\system\CodeIgniter.php(832): App\Controllers\AskQuestion->post('js', 'ext-language_to...')
#6 C:\xampp\htdocs\codedabble\system\CodeIgniter.php(419): CodeIgniter\CodeIgniter->runController(Object(App\Controllers\AskQuestion))
#7 C:\xampp\htdocs\codedabble\system\CodeIgniter.php(326): CodeIgniter\CodeIgniter->handleRequest(NULL, Object(Config\Cache), false)
#8 C:\xampp\htdocs\codedabble\public\index.php(37): CodeIgniter\CodeIgniter->run()
#9 {main}
CRITICAL - 2022-03-15 04:17:51 --> Trying to access array offset on value of type null
#0 C:\xampp\htdocs\codedabble\app\Views\viewforum.php(7): CodeIgniter\Debug\Exceptions->errorHandler(8, 'Trying to acces...', 'C:\\xampp\\htdocs...', 7, Array)
#1 C:\xampp\htdocs\codedabble\system\View\View.php(210): include('C:\\xampp\\htdocs...')
#2 C:\xampp\htdocs\codedabble\system\View\View.php(213): CodeIgniter\View\View->CodeIgniter\View\{closure}()
#3 C:\xampp\htdocs\codedabble\system\Common.php(1089): CodeIgniter\View\View->render('viewforum', Array, true)
#4 C:\xampp\htdocs\codedabble\app\Controllers\AskQuestion.php(75): view('viewforum', Array)
#5 C:\xampp\htdocs\codedabble\system\CodeIgniter.php(832): App\Controllers\AskQuestion->post('ace', 'src-noconflict', 'ace.js')
#6 C:\xampp\htdocs\codedabble\system\CodeIgniter.php(419): CodeIgniter\CodeIgniter->runController(Object(App\Controllers\AskQuestion))
#7 C:\xampp\htdocs\codedabble\system\CodeIgniter.php(326): CodeIgniter\CodeIgniter->handleRequest(NULL, Object(Config\Cache), false)
#8 C:\xampp\htdocs\codedabble\public\index.php(37): CodeIgniter\CodeIgniter->run()
#9 {main}
CRITICAL - 2022-03-15 04:17:55 --> Trying to access array offset on value of type null
#0 C:\xampp\htdocs\codedabble\app\Views\viewforum.php(7): CodeIgniter\Debug\Exceptions->errorHandler(8, 'Trying to acces...', 'C:\\xampp\\htdocs...', 7, Array)
#1 C:\xampp\htdocs\codedabble\system\View\View.php(210): include('C:\\xampp\\htdocs...')
#2 C:\xampp\htdocs\codedabble\system\View\View.php(213): CodeIgniter\View\View->CodeIgniter\View\{closure}()
#3 C:\xampp\htdocs\codedabble\system\Common.php(1089): CodeIgniter\View\View->render('viewforum', Array, true)
#4 C:\xampp\htdocs\codedabble\app\Controllers\AskQuestion.php(75): view('viewforum', Array)
#5 C:\xampp\htdocs\codedabble\system\CodeIgniter.php(832): App\Controllers\AskQuestion->post('js', 'ext-language_to...')
#6 C:\xampp\htdocs\codedabble\system\CodeIgniter.php(419): CodeIgniter\CodeIgniter->runController(Object(App\Controllers\AskQuestion))
#7 C:\xampp\htdocs\codedabble\system\CodeIgniter.php(326): CodeIgniter\CodeIgniter->handleRequest(NULL, Object(Config\Cache), false)
#8 C:\xampp\htdocs\codedabble\public\index.php(37): CodeIgniter\CodeIgniter->run()
#9 {main}
CRITICAL - 2022-03-15 04:17:55 --> Trying to access array offset on value of type null
#0 C:\xampp\htdocs\codedabble\app\Views\viewforum.php(7): CodeIgniter\Debug\Exceptions->errorHandler(8, 'Trying to acces...', 'C:\\xampp\\htdocs...', 7, Array)
#1 C:\xampp\htdocs\codedabble\system\View\View.php(210): include('C:\\xampp\\htdocs...')
#2 C:\xampp\htdocs\codedabble\system\View\View.php(213): CodeIgniter\View\View->CodeIgniter\View\{closure}()
#3 C:\xampp\htdocs\codedabble\system\Common.php(1089): CodeIgniter\View\View->render('viewforum', Array, true)
#4 C:\xampp\htdocs\codedabble\app\Controllers\AskQuestion.php(75): view('viewforum', Array)
#5 C:\xampp\htdocs\codedabble\system\CodeIgniter.php(832): App\Controllers\AskQuestion->post('ace', 'src-noconflict', 'ace.js')
#6 C:\xampp\htdocs\codedabble\system\CodeIgniter.php(419): CodeIgniter\CodeIgniter->runController(Object(App\Controllers\AskQuestion))
#7 C:\xampp\htdocs\codedabble\system\CodeIgniter.php(326): CodeIgniter\CodeIgniter->handleRequest(NULL, Object(Config\Cache), false)
#8 C:\xampp\htdocs\codedabble\public\index.php(37): CodeIgniter\CodeIgniter->run()
#9 {main}
CRITICAL - 2022-03-15 04:18:07 --> Trying to access array offset on value of type null
#0 C:\xampp\htdocs\codedabble\app\Views\viewforum.php(7): CodeIgniter\Debug\Exceptions->errorHandler(8, 'Trying to acces...', 'C:\\xampp\\htdocs...', 7, Array)
#1 C:\xampp\htdocs\codedabble\system\View\View.php(210): include('C:\\xampp\\htdocs...')
#2 C:\xampp\htdocs\codedabble\system\View\View.php(213): CodeIgniter\View\View->CodeIgniter\View\{closure}()
#3 C:\xampp\htdocs\codedabble\system\Common.php(1089): CodeIgniter\View\View->render('viewforum', Array, true)
#4 C:\xampp\htdocs\codedabble\app\Controllers\AskQuestion.php(75): view('viewforum', Array)
#5 C:\xampp\htdocs\codedabble\system\CodeIgniter.php(832): App\Controllers\AskQuestion->post('js', 'ext-language_to...')
#6 C:\xampp\htdocs\codedabble\system\CodeIgniter.php(419): CodeIgniter\CodeIgniter->runController(Object(App\Controllers\AskQuestion))
#7 C:\xampp\htdocs\codedabble\system\CodeIgniter.php(326): CodeIgniter\CodeIgniter->handleRequest(NULL, Object(Config\Cache), false)
#8 C:\xampp\htdocs\codedabble\public\index.php(37): CodeIgniter\CodeIgniter->run()
#9 {main}
CRITICAL - 2022-03-15 04:18:07 --> Trying to access array offset on value of type null
#0 C:\xampp\htdocs\codedabble\app\Views\viewforum.php(7): CodeIgniter\Debug\Exceptions->errorHandler(8, 'Trying to acces...', 'C:\\xampp\\htdocs...', 7, Array)
#1 C:\xampp\htdocs\codedabble\system\View\View.php(210): include('C:\\xampp\\htdocs...')
#2 C:\xampp\htdocs\codedabble\system\View\View.php(213): CodeIgniter\View\View->CodeIgniter\View\{closure}()
#3 C:\xampp\htdocs\codedabble\system\Common.php(1089): CodeIgniter\View\View->render('viewforum', Array, true)
#4 C:\xampp\htdocs\codedabble\app\Controllers\AskQuestion.php(75): view('viewforum', Array)
#5 C:\xampp\htdocs\codedabble\system\CodeIgniter.php(832): App\Controllers\AskQuestion->post('ace', 'src-noconflict', 'ace.js')
#6 C:\xampp\htdocs\codedabble\system\CodeIgniter.php(419): CodeIgniter\CodeIgniter->runController(Object(App\Controllers\AskQuestion))
#7 C:\xampp\htdocs\codedabble\system\CodeIgniter.php(326): CodeIgniter\CodeIgniter->handleRequest(NULL, Object(Config\Cache), false)
#8 C:\xampp\htdocs\codedabble\public\index.php(37): CodeIgniter\CodeIgniter->run()
#9 {main}
CRITICAL - 2022-03-15 04:18:09 --> Trying to access array offset on value of type null
#0 C:\xampp\htdocs\codedabble\app\Views\viewforum.php(7): CodeIgniter\Debug\Exceptions->errorHandler(8, 'Trying to acces...', 'C:\\xampp\\htdocs...', 7, Array)
#1 C:\xampp\htdocs\codedabble\system\View\View.php(210): include('C:\\xampp\\htdocs...')
#2 C:\xampp\htdocs\codedabble\system\View\View.php(213): CodeIgniter\View\View->CodeIgniter\View\{closure}()
#3 C:\xampp\htdocs\codedabble\system\Common.php(1089): CodeIgniter\View\View->render('viewforum', Array, true)
#4 C:\xampp\htdocs\codedabble\app\Controllers\AskQuestion.php(75): view('viewforum', Array)
#5 C:\xampp\htdocs\codedabble\system\CodeIgniter.php(832): App\Controllers\AskQuestion->post('ace', 'src-noconflict', 'ace.js')
#6 C:\xampp\htdocs\codedabble\system\CodeIgniter.php(419): CodeIgniter\CodeIgniter->runController(Object(App\Controllers\AskQuestion))
#7 C:\xampp\htdocs\codedabble\system\CodeIgniter.php(326): CodeIgniter\CodeIgniter->handleRequest(NULL, Object(Config\Cache), false)
#8 C:\xampp\htdocs\codedabble\public\index.php(37): CodeIgniter\CodeIgniter->run()
#9 {main}
CRITICAL - 2022-03-15 04:18:09 --> Trying to access array offset on value of type null
#0 C:\xampp\htdocs\codedabble\app\Views\viewforum.php(7): CodeIgniter\Debug\Exceptions->errorHandler(8, 'Trying to acces...', 'C:\\xampp\\htdocs...', 7, Array)
#1 C:\xampp\htdocs\codedabble\system\View\View.php(210): include('C:\\xampp\\htdocs...')
#2 C:\xampp\htdocs\codedabble\system\View\View.php(213): CodeIgniter\View\View->CodeIgniter\View\{closure}()
#3 C:\xampp\htdocs\codedabble\system\Common.php(1089): CodeIgniter\View\View->render('viewforum', Array, true)
#4 C:\xampp\htdocs\codedabble\app\Controllers\AskQuestion.php(75): view('viewforum', Array)
#5 C:\xampp\htdocs\codedabble\system\CodeIgniter.php(832): App\Controllers\AskQuestion->post('js', 'ext-language_to...')
#6 C:\xampp\htdocs\codedabble\system\CodeIgniter.php(419): CodeIgniter\CodeIgniter->runController(Object(App\Controllers\AskQuestion))
#7 C:\xampp\htdocs\codedabble\system\CodeIgniter.php(326): CodeIgniter\CodeIgniter->handleRequest(NULL, Object(Config\Cache), false)
#8 C:\xampp\htdocs\codedabble\public\index.php(37): CodeIgniter\CodeIgniter->run()
#9 {main}
CRITICAL - 2022-03-15 19:33:14 --> Trying to access array offset on value of type null
#0 C:\xampp\htdocs\codedabble\app\Views\viewforum.php(7): CodeIgniter\Debug\Exceptions->errorHandler(8, 'Trying to acces...', 'C:\\xampp\\htdocs...', 7, Array)
#1 C:\xampp\htdocs\codedabble\system\View\View.php(210): include('C:\\xampp\\htdocs...')
#2 C:\xampp\htdocs\codedabble\system\View\View.php(213): CodeIgniter\View\View->CodeIgniter\View\{closure}()
#3 C:\xampp\htdocs\codedabble\system\Common.php(1089): CodeIgniter\View\View->render('viewforum', Array, true)
#4 C:\xampp\htdocs\codedabble\app\Controllers\AskQuestion.php(75): view('viewforum', Array)
#5 C:\xampp\htdocs\codedabble\system\CodeIgniter.php(832): App\Controllers\AskQuestion->post('ace', 'src-noconflict', 'ace.js')
#6 C:\xampp\htdocs\codedabble\system\CodeIgniter.php(419): CodeIgniter\CodeIgniter->runController(Object(App\Controllers\AskQuestion))
#7 C:\xampp\htdocs\codedabble\system\CodeIgniter.php(326): CodeIgniter\CodeIgniter->handleRequest(NULL, Object(Config\Cache), false)
#8 C:\xampp\htdocs\codedabble\public\index.php(37): CodeIgniter\CodeIgniter->run()
#9 {main}
CRITICAL - 2022-03-15 19:33:14 --> Trying to access array offset on value of type null
#0 C:\xampp\htdocs\codedabble\app\Views\viewforum.php(7): CodeIgniter\Debug\Exceptions->errorHandler(8, 'Trying to acces...', 'C:\\xampp\\htdocs...', 7, Array)
#1 C:\xampp\htdocs\codedabble\system\View\View.php(210): include('C:\\xampp\\htdocs...')
#2 C:\xampp\htdocs\codedabble\system\View\View.php(213): CodeIgniter\View\View->CodeIgniter\View\{closure}()
#3 C:\xampp\htdocs\codedabble\system\Common.php(1089): CodeIgniter\View\View->render('viewforum', Array, true)
#4 C:\xampp\htdocs\codedabble\app\Controllers\AskQuestion.php(75): view('viewforum', Array)
#5 C:\xampp\htdocs\codedabble\system\CodeIgniter.php(832): App\Controllers\AskQuestion->post('js', 'ext-language_to...')
#6 C:\xampp\htdocs\codedabble\system\CodeIgniter.php(419): CodeIgniter\CodeIgniter->runController(Object(App\Controllers\AskQuestion))
#7 C:\xampp\htdocs\codedabble\system\CodeIgniter.php(326): CodeIgniter\CodeIgniter->handleRequest(NULL, Object(Config\Cache), false)
#8 C:\xampp\htdocs\codedabble\public\index.php(37): CodeIgniter\CodeIgniter->run()
#9 {main}
CRITICAL - 2022-03-15 19:33:30 --> Trying to access array offset on value of type null
#0 C:\xampp\htdocs\codedabble\app\Views\viewforum.php(7): CodeIgniter\Debug\Exceptions->errorHandler(8, 'Trying to acces...', 'C:\\xampp\\htdocs...', 7, Array)
#1 C:\xampp\htdocs\codedabble\system\View\View.php(210): include('C:\\xampp\\htdocs...')
#2 C:\xampp\htdocs\codedabble\system\View\View.php(213): CodeIgniter\View\View->CodeIgniter\View\{closure}()
#3 C:\xampp\htdocs\codedabble\system\Common.php(1089): CodeIgniter\View\View->render('viewforum', Array, true)
#4 C:\xampp\htdocs\codedabble\app\Controllers\AskQuestion.php(75): view('viewforum', Array)
#5 C:\xampp\htdocs\codedabble\system\CodeIgniter.php(832): App\Controllers\AskQuestion->post('js', 'ext-language_to...')
#6 C:\xampp\htdocs\codedabble\system\CodeIgniter.php(419): CodeIgniter\CodeIgniter->runController(Object(App\Controllers\AskQuestion))
#7 C:\xampp\htdocs\codedabble\system\CodeIgniter.php(326): CodeIgniter\CodeIgniter->handleRequest(NULL, Object(Config\Cache), false)
#8 C:\xampp\htdocs\codedabble\public\index.php(37): CodeIgniter\CodeIgniter->run()
#9 {main}
CRITICAL - 2022-03-15 19:33:30 --> Trying to access array offset on value of type null
#0 C:\xampp\htdocs\codedabble\app\Views\viewforum.php(7): CodeIgniter\Debug\Exceptions->errorHandler(8, 'Trying to acces...', 'C:\\xampp\\htdocs...', 7, Array)
#1 C:\xampp\htdocs\codedabble\system\View\View.php(210): include('C:\\xampp\\htdocs...')
#2 C:\xampp\htdocs\codedabble\system\View\View.php(213): CodeIgniter\View\View->CodeIgniter\View\{closure}()
#3 C:\xampp\htdocs\codedabble\system\Common.php(1089): CodeIgniter\View\View->render('viewforum', Array, true)
#4 C:\xampp\htdocs\codedabble\app\Controllers\AskQuestion.php(75): view('viewforum', Array)
#5 C:\xampp\htdocs\codedabble\system\CodeIgniter.php(832): App\Controllers\AskQuestion->post('ace', 'src-noconflict', 'ace.js')
#6 C:\xampp\htdocs\codedabble\system\CodeIgniter.php(419): CodeIgniter\CodeIgniter->runController(Object(App\Controllers\AskQuestion))
#7 C:\xampp\htdocs\codedabble\system\CodeIgniter.php(326): CodeIgniter\CodeIgniter->handleRequest(NULL, Object(Config\Cache), false)
#8 C:\xampp\htdocs\codedabble\public\index.php(37): CodeIgniter\CodeIgniter->run()
#9 {main}
CRITICAL - 2022-03-15 19:33:32 --> Trying to access array offset on value of type null
#0 C:\xampp\htdocs\codedabble\app\Views\viewforum.php(7): CodeIgniter\Debug\Exceptions->errorHandler(8, 'Trying to acces...', 'C:\\xampp\\htdocs...', 7, Array)
#1 C:\xampp\htdocs\codedabble\system\View\View.php(210): include('C:\\xampp\\htdocs...')
#2 C:\xampp\htdocs\codedabble\system\View\View.php(213): CodeIgniter\View\View->CodeIgniter\View\{closure}()
#3 C:\xampp\htdocs\codedabble\system\Common.php(1089): CodeIgniter\View\View->render('viewforum', Array, true)
#4 C:\xampp\htdocs\codedabble\app\Controllers\AskQuestion.php(75): view('viewforum', Array)
#5 C:\xampp\htdocs\codedabble\system\CodeIgniter.php(832): App\Controllers\AskQuestion->post('ace', 'src-noconflict', 'ace.js')
#6 C:\xampp\htdocs\codedabble\system\CodeIgniter.php(419): CodeIgniter\CodeIgniter->runController(Object(App\Controllers\AskQuestion))
#7 C:\xampp\htdocs\codedabble\system\CodeIgniter.php(326): CodeIgniter\CodeIgniter->handleRequest(NULL, Object(Config\Cache), false)
#8 C:\xampp\htdocs\codedabble\public\index.php(37): CodeIgniter\CodeIgniter->run()
#9 {main}
CRITICAL - 2022-03-15 19:33:32 --> Trying to access array offset on value of type null
#0 C:\xampp\htdocs\codedabble\app\Views\viewforum.php(7): CodeIgniter\Debug\Exceptions->errorHandler(8, 'Trying to acces...', 'C:\\xampp\\htdocs...', 7, Array)
#1 C:\xampp\htdocs\codedabble\system\View\View.php(210): include('C:\\xampp\\htdocs...')
#2 C:\xampp\htdocs\codedabble\system\View\View.php(213): CodeIgniter\View\View->CodeIgniter\View\{closure}()
#3 C:\xampp\htdocs\codedabble\system\Common.php(1089): CodeIgniter\View\View->render('viewforum', Array, true)
#4 C:\xampp\htdocs\codedabble\app\Controllers\AskQuestion.php(75): view('viewforum', Array)
#5 C:\xampp\htdocs\codedabble\system\CodeIgniter.php(832): App\Controllers\AskQuestion->post('js', 'ext-language_to...')
#6 C:\xampp\htdocs\codedabble\system\CodeIgniter.php(419): CodeIgniter\CodeIgniter->runController(Object(App\Controllers\AskQuestion))
#7 C:\xampp\htdocs\codedabble\system\CodeIgniter.php(326): CodeIgniter\CodeIgniter->handleRequest(NULL, Object(Config\Cache), false)
#8 C:\xampp\htdocs\codedabble\public\index.php(37): CodeIgniter\CodeIgniter->run()
#9 {main}
CRITICAL - 2022-03-15 19:38:35 --> Trying to access array offset on value of type null
#0 C:\xampp\htdocs\codedabble\app\Views\viewforum.php(7): CodeIgniter\Debug\Exceptions->errorHandler(8, 'Trying to acces...', 'C:\\xampp\\htdocs...', 7, Array)
#1 C:\xampp\htdocs\codedabble\system\View\View.php(210): include('C:\\xampp\\htdocs...')
#2 C:\xampp\htdocs\codedabble\system\View\View.php(213): CodeIgniter\View\View->CodeIgniter\View\{closure}()
#3 C:\xampp\htdocs\codedabble\system\Common.php(1089): CodeIgniter\View\View->render('viewforum', Array, true)
#4 C:\xampp\htdocs\codedabble\app\Controllers\AskQuestion.php(75): view('viewforum', Array)
#5 C:\xampp\htdocs\codedabble\system\CodeIgniter.php(832): App\Controllers\AskQuestion->post('js', 'ext-language_to...')
#6 C:\xampp\htdocs\codedabble\system\CodeIgniter.php(419): CodeIgniter\CodeIgniter->runController(Object(App\Controllers\AskQuestion))
#7 C:\xampp\htdocs\codedabble\system\CodeIgniter.php(326): CodeIgniter\CodeIgniter->handleRequest(NULL, Object(Config\Cache), false)
#8 C:\xampp\htdocs\codedabble\public\index.php(37): CodeIgniter\CodeIgniter->run()
#9 {main}
CRITICAL - 2022-03-15 19:38:35 --> Trying to access array offset on value of type null
#0 C:\xampp\htdocs\codedabble\app\Views\viewforum.php(7): CodeIgniter\Debug\Exceptions->errorHandler(8, 'Trying to acces...', 'C:\\xampp\\htdocs...', 7, Array)
#1 C:\xampp\htdocs\codedabble\system\View\View.php(210): include('C:\\xampp\\htdocs...')
#2 C:\xampp\htdocs\codedabble\system\View\View.php(213): CodeIgniter\View\View->CodeIgniter\View\{closure}()
#3 C:\xampp\htdocs\codedabble\system\Common.php(1089): CodeIgniter\View\View->render('viewforum', Array, true)
#4 C:\xampp\htdocs\codedabble\app\Controllers\AskQuestion.php(75): view('viewforum', Array)
#5 C:\xampp\htdocs\codedabble\system\CodeIgniter.php(832): App\Controllers\AskQuestion->post('ace', 'src-noconflict', 'ace.js')
#6 C:\xampp\htdocs\codedabble\system\CodeIgniter.php(419): CodeIgniter\CodeIgniter->runController(Object(App\Controllers\AskQuestion))
#7 C:\xampp\htdocs\codedabble\system\CodeIgniter.php(326): CodeIgniter\CodeIgniter->handleRequest(NULL, Object(Config\Cache), false)
#8 C:\xampp\htdocs\codedabble\public\index.php(37): CodeIgniter\CodeIgniter->run()
#9 {main}
CRITICAL - 2022-03-15 19:53:33 --> Trying to access array offset on value of type null
#0 C:\xampp\htdocs\codedabble\app\Views\viewforum.php(7): CodeIgniter\Debug\Exceptions->errorHandler(8, 'Trying to acces...', 'C:\\xampp\\htdocs...', 7, Array)
#1 C:\xampp\htdocs\codedabble\system\View\View.php(210): include('C:\\xampp\\htdocs...')
#2 C:\xampp\htdocs\codedabble\system\View\View.php(213): CodeIgniter\View\View->CodeIgniter\View\{closure}()
#3 C:\xampp\htdocs\codedabble\system\Common.php(1089): CodeIgniter\View\View->render('viewforum', Array, true)
#4 C:\xampp\htdocs\codedabble\app\Controllers\AskQuestion.php(75): view('viewforum', Array)
#5 C:\xampp\htdocs\codedabble\system\CodeIgniter.php(832): App\Controllers\AskQuestion->post('ace', 'src-noconflict', 'ace.js')
#6 C:\xampp\htdocs\codedabble\system\CodeIgniter.php(419): CodeIgniter\CodeIgniter->runController(Object(App\Controllers\AskQuestion))
#7 C:\xampp\htdocs\codedabble\system\CodeIgniter.php(326): CodeIgniter\CodeIgniter->handleRequest(NULL, Object(Config\Cache), false)
#8 C:\xampp\htdocs\codedabble\public\index.php(37): CodeIgniter\CodeIgniter->run()
#9 {main}
CRITICAL - 2022-03-15 19:53:33 --> Trying to access array offset on value of type null
#0 C:\xampp\htdocs\codedabble\app\Views\viewforum.php(7): CodeIgniter\Debug\Exceptions->errorHandler(8, 'Trying to acces...', 'C:\\xampp\\htdocs...', 7, Array)
#1 C:\xampp\htdocs\codedabble\system\View\View.php(210): include('C:\\xampp\\htdocs...')
#2 C:\xampp\htdocs\codedabble\system\View\View.php(213): CodeIgniter\View\View->CodeIgniter\View\{closure}()
#3 C:\xampp\htdocs\codedabble\system\Common.php(1089): CodeIgniter\View\View->render('viewforum', Array, true)
#4 C:\xampp\htdocs\codedabble\app\Controllers\AskQuestion.php(75): view('viewforum', Array)
#5 C:\xampp\htdocs\codedabble\system\CodeIgniter.php(832): App\Controllers\AskQuestion->post('js', 'ext-language_to...')
#6 C:\xampp\htdocs\codedabble\system\CodeIgniter.php(419): CodeIgniter\CodeIgniter->runController(Object(App\Controllers\AskQuestion))
#7 C:\xampp\htdocs\codedabble\system\CodeIgniter.php(326): CodeIgniter\CodeIgniter->handleRequest(NULL, Object(Config\Cache), false)
#8 C:\xampp\htdocs\codedabble\public\index.php(37): CodeIgniter\CodeIgniter->run()
#9 {main}
CRITICAL - 2022-03-15 20:12:09 --> syntax error, unexpected '?>'
#0 C:\xampp\htdocs\codedabble\system\View\View.php(213): CodeIgniter\View\View->CodeIgniter\View\{closure}()
#1 C:\xampp\htdocs\codedabble\system\Common.php(1089): CodeIgniter\View\View->render('navbar', Array, true)
#2 C:\xampp\htdocs\codedabble\app\Controllers\Home.php(15): view('navbar')
#3 C:\xampp\htdocs\codedabble\system\CodeIgniter.php(832): App\Controllers\Home->index()
#4 C:\xampp\htdocs\codedabble\system\CodeIgniter.php(419): CodeIgniter\CodeIgniter->runController(Object(App\Controllers\Home))
#5 C:\xampp\htdocs\codedabble\system\CodeIgniter.php(326): CodeIgniter\CodeIgniter->handleRequest(NULL, Object(Config\Cache), false)
#6 C:\xampp\htdocs\codedabble\public\index.php(37): CodeIgniter\CodeIgniter->run()
#7 {main}
CRITICAL - 2022-03-15 20:12:15 --> syntax error, unexpected '?>'
#0 C:\xampp\htdocs\codedabble\system\View\View.php(213): CodeIgniter\View\View->CodeIgniter\View\{closure}()
#1 C:\xampp\htdocs\codedabble\system\Common.php(1089): CodeIgniter\View\View->render('navbar', Array, true)
#2 C:\xampp\htdocs\codedabble\app\Controllers\Home.php(15): view('navbar')
#3 C:\xampp\htdocs\codedabble\system\CodeIgniter.php(832): App\Controllers\Home->index()
#4 C:\xampp\htdocs\codedabble\system\CodeIgniter.php(419): CodeIgniter\CodeIgniter->runController(Object(App\Controllers\Home))
#5 C:\xampp\htdocs\codedabble\system\CodeIgniter.php(326): CodeIgniter\CodeIgniter->handleRequest(NULL, Object(Config\Cache), false)
#6 C:\xampp\htdocs\codedabble\public\index.php(37): CodeIgniter\CodeIgniter->run()
#7 {main}
CRITICAL - 2022-03-15 20:28:53 --> Trying to access array offset on value of type null
#0 C:\xampp\htdocs\codedabble\app\Views\viewforum.php(7): CodeIgniter\Debug\Exceptions->errorHandler(8, 'Trying to acces...', 'C:\\xampp\\htdocs...', 7, Array)
#1 C:\xampp\htdocs\codedabble\system\View\View.php(210): include('C:\\xampp\\htdocs...')
#2 C:\xampp\htdocs\codedabble\system\View\View.php(213): CodeIgniter\View\View->CodeIgniter\View\{closure}()
#3 C:\xampp\htdocs\codedabble\system\Common.php(1089): CodeIgniter\View\View->render('viewforum', Array, true)
#4 C:\xampp\htdocs\codedabble\app\Controllers\AskQuestion.php(75): view('viewforum', Array)
#5 C:\xampp\htdocs\codedabble\system\CodeIgniter.php(832): App\Controllers\AskQuestion->post('js', 'ext-language_to...')
#6 C:\xampp\htdocs\codedabble\system\CodeIgniter.php(419): CodeIgniter\CodeIgniter->runController(Object(App\Controllers\AskQuestion))
#7 C:\xampp\htdocs\codedabble\system\CodeIgniter.php(326): CodeIgniter\CodeIgniter->handleRequest(NULL, Object(Config\Cache), false)
#8 C:\xampp\htdocs\codedabble\public\index.php(37): CodeIgniter\CodeIgniter->run()
#9 {main}
CRITICAL - 2022-03-15 20:28:53 --> Trying to access array offset on value of type null
#0 C:\xampp\htdocs\codedabble\app\Views\viewforum.php(7): CodeIgniter\Debug\Exceptions->errorHandler(8, 'Trying to acces...', 'C:\\xampp\\htdocs...', 7, Array)
#1 C:\xampp\htdocs\codedabble\system\View\View.php(210): include('C:\\xampp\\htdocs...')
#2 C:\xampp\htdocs\codedabble\system\View\View.php(213): CodeIgniter\View\View->CodeIgniter\View\{closure}()
#3 C:\xampp\htdocs\codedabble\system\Common.php(1089): CodeIgniter\View\View->render('viewforum', Array, true)
#4 C:\xampp\htdocs\codedabble\app\Controllers\AskQuestion.php(75): view('viewforum', Array)
#5 C:\xampp\htdocs\codedabble\system\CodeIgniter.php(832): App\Controllers\AskQuestion->post('ace', 'src-noconflict', 'ace.js')
#6 C:\xampp\htdocs\codedabble\system\CodeIgniter.php(419): CodeIgniter\CodeIgniter->runController(Object(App\Controllers\AskQuestion))
#7 C:\xampp\htdocs\codedabble\system\CodeIgniter.php(326): CodeIgniter\CodeIgniter->handleRequest(NULL, Object(Config\Cache), false)
#8 C:\xampp\htdocs\codedabble\public\index.php(37): CodeIgniter\CodeIgniter->run()
#9 {main}
CRITICAL - 2022-03-15 20:47:23 --> Undefined variable: ses_data
#0 C:\xampp\htdocs\codedabble\app\Views\navbar.php(27): CodeIgniter\Debug\Exceptions->errorHandler(8, 'Undefined varia...', 'C:\\xampp\\htdocs...', 27, Array)
#1 C:\xampp\htdocs\codedabble\system\View\View.php(210): include('C:\\xampp\\htdocs...')
#2 C:\xampp\htdocs\codedabble\system\View\View.php(213): CodeIgniter\View\View->CodeIgniter\View\{closure}()
#3 C:\xampp\htdocs\codedabble\system\Common.php(1089): CodeIgniter\View\View->render('navbar', Array, true)
#4 C:\xampp\htdocs\codedabble\app\Controllers\Home.php(15): view('navbar')
#5 C:\xampp\htdocs\codedabble\system\CodeIgniter.php(832): App\Controllers\Home->index()
#6 C:\xampp\htdocs\codedabble\system\CodeIgniter.php(419): CodeIgniter\CodeIgniter->runController(Object(App\Controllers\Home))
#7 C:\xampp\htdocs\codedabble\system\CodeIgniter.php(326): CodeIgniter\CodeIgniter->handleRequest(NULL, Object(Config\Cache), false)
#8 C:\xampp\htdocs\codedabble\public\index.php(37): CodeIgniter\CodeIgniter->run()
#9 {main}
CRITICAL - 2022-03-15 21:35:01 --> Trying to access array offset on value of type null
#0 C:\xampp\htdocs\codedabble\app\Views\viewforum.php(7): CodeIgniter\Debug\Exceptions->errorHandler(8, 'Trying to acces...', 'C:\\xampp\\htdocs...', 7, Array)
#1 C:\xampp\htdocs\codedabble\system\View\View.php(210): include('C:\\xampp\\htdocs...')
#2 C:\xampp\htdocs\codedabble\system\View\View.php(213): CodeIgniter\View\View->CodeIgniter\View\{closure}()
#3 C:\xampp\htdocs\codedabble\system\Common.php(1089): CodeIgniter\View\View->render('viewforum', Array, true)
#4 C:\xampp\htdocs\codedabble\app\Controllers\AskQuestion.php(75): view('viewforum', Array)
#5 C:\xampp\htdocs\codedabble\system\CodeIgniter.php(832): App\Controllers\AskQuestion->post('ace', 'src-noconflict', 'ace.js')
#6 C:\xampp\htdocs\codedabble\system\CodeIgniter.php(419): CodeIgniter\CodeIgniter->runController(Object(App\Controllers\AskQuestion))
#7 C:\xampp\htdocs\codedabble\system\CodeIgniter.php(326): CodeIgniter\CodeIgniter->handleRequest(NULL, Object(Config\Cache), false)
#8 C:\xampp\htdocs\codedabble\public\index.php(37): CodeIgniter\CodeIgniter->run()
#9 {main}
CRITICAL - 2022-03-15 21:35:01 --> Trying to access array offset on value of type null
#0 C:\xampp\htdocs\codedabble\app\Views\viewforum.php(7): CodeIgniter\Debug\Exceptions->errorHandler(8, 'Trying to acces...', 'C:\\xampp\\htdocs...', 7, Array)
#1 C:\xampp\htdocs\codedabble\system\View\View.php(210): include('C:\\xampp\\htdocs...')
#2 C:\xampp\htdocs\codedabble\system\View\View.php(213): CodeIgniter\View\View->CodeIgniter\View\{closure}()
#3 C:\xampp\htdocs\codedabble\system\Common.php(1089): CodeIgniter\View\View->render('viewforum', Array, true)
#4 C:\xampp\htdocs\codedabble\app\Controllers\AskQuestion.php(75): view('viewforum', Array)
#5 C:\xampp\htdocs\codedabble\system\CodeIgniter.php(832): App\Controllers\AskQuestion->post('js', 'ext-language_to...')
#6 C:\xampp\htdocs\codedabble\system\CodeIgniter.php(419): CodeIgniter\CodeIgniter->runController(Object(App\Controllers\AskQuestion))
#7 C:\xampp\htdocs\codedabble\system\CodeIgniter.php(326): CodeIgniter\CodeIgniter->handleRequest(NULL, Object(Config\Cache), false)
#8 C:\xampp\htdocs\codedabble\public\index.php(37): CodeIgniter\CodeIgniter->run()
#9 {main}
CRITICAL - 2022-03-15 21:35:07 --> Trying to access array offset on value of type null
#0 C:\xampp\htdocs\codedabble\app\Views\viewforum.php(7): CodeIgniter\Debug\Exceptions->errorHandler(8, 'Trying to acces...', 'C:\\xampp\\htdocs...', 7, Array)
#1 C:\xampp\htdocs\codedabble\system\View\View.php(210): include('C:\\xampp\\htdocs...')
#2 C:\xampp\htdocs\codedabble\system\View\View.php(213): CodeIgniter\View\View->CodeIgniter\View\{closure}()
#3 C:\xampp\htdocs\codedabble\system\Common.php(1089): CodeIgniter\View\View->render('viewforum', Array, true)
#4 C:\xampp\htdocs\codedabble\app\Controllers\AskQuestion.php(75): view('viewforum', Array)
#5 C:\xampp\htdocs\codedabble\system\CodeIgniter.php(832): App\Controllers\AskQuestion->post('js', 'ext-language_to...')
#6 C:\xampp\htdocs\codedabble\system\CodeIgniter.php(419): CodeIgniter\CodeIgniter->runController(Object(App\Controllers\AskQuestion))
#7 C:\xampp\htdocs\codedabble\system\CodeIgniter.php(326): CodeIgniter\CodeIgniter->handleRequest(NULL, Object(Config\Cache), false)
#8 C:\xampp\htdocs\codedabble\public\index.php(37): CodeIgniter\CodeIgniter->run()
#9 {main}
CRITICAL - 2022-03-15 21:35:07 --> Trying to access array offset on value of type null
#0 C:\xampp\htdocs\codedabble\app\Views\viewforum.php(7): CodeIgniter\Debug\Exceptions->errorHandler(8, 'Trying to acces...', 'C:\\xampp\\htdocs...', 7, Array)
#1 C:\xampp\htdocs\codedabble\system\View\View.php(210): include('C:\\xampp\\htdocs...')
#2 C:\xampp\htdocs\codedabble\system\View\View.php(213): CodeIgniter\View\View->CodeIgniter\View\{closure}()
#3 C:\xampp\htdocs\codedabble\system\Common.php(1089): CodeIgniter\View\View->render('viewforum', Array, true)
#4 C:\xampp\htdocs\codedabble\app\Controllers\AskQuestion.php(75): view('viewforum', Array)
#5 C:\xampp\htdocs\codedabble\system\CodeIgniter.php(832): App\Controllers\AskQuestion->post('ace', 'src-noconflict', 'ace.js')
#6 C:\xampp\htdocs\codedabble\system\CodeIgniter.php(419): CodeIgniter\CodeIgniter->runController(Object(App\Controllers\AskQuestion))
#7 C:\xampp\htdocs\codedabble\system\CodeIgniter.php(326): CodeIgniter\CodeIgniter->handleRequest(NULL, Object(Config\Cache), false)
#8 C:\xampp\htdocs\codedabble\public\index.php(37): CodeIgniter\CodeIgniter->run()
#9 {main}
