CRITICAL - 2022-03-01 07:28:33 --> Undefined property: App\Controllers\Home::$load
#0 C:\xampp\htdocs\codedabble\app\Controllers\Home.php(9): CodeIgniter\Debug\Exceptions->errorHandler(8, 'Undefined prope...', 'C:\\xampp\\htdocs...', 9, Array)
#1 C:\xampp\htdocs\codedabble\system\CodeIgniter.php(832): App\Controllers\Home->index()
#2 C:\xampp\htdocs\codedabble\system\CodeIgniter.php(419): CodeIgniter\CodeIgniter->runController(Object(App\Controllers\Home))
#3 C:\xampp\htdocs\codedabble\system\CodeIgniter.php(326): CodeIgniter\CodeIgniter->handleRequest(NULL, Object(Config\Cache), false)
#4 C:\xampp\htdocs\codedabble\public\index.php(37): CodeIgniter\CodeIgniter->run()
#5 {main}
CRITICAL - 2022-03-01 07:34:34 --> Methods with the same name as their class will not be constructors in a future version of PHP; index has a deprecated constructor
#0 C:\xampp\htdocs\codedabble\system\Autoloader\Autoloader.php(264): CodeIgniter\Debug\Exceptions->errorHandler(8192, 'Methods with th...', 'C:\\xampp\\htdocs...', 3, Array)
#1 C:\xampp\htdocs\codedabble\system\Autoloader\Autoloader.php(264): include_once()
#2 C:\xampp\htdocs\codedabble\system\Autoloader\Autoloader.php(241): CodeIgniter\Autoloader\Autoloader->includeFile('C:\\xampp\\htdocs...')
#3 C:\xampp\htdocs\codedabble\system\Autoloader\Autoloader.php(219): CodeIgniter\Autoloader\Autoloader->loadInNamespace('App\\Controllers...')
#4 [internal function]: CodeIgniter\Autoloader\Autoloader->loadClass('App\\Controllers...')
#5 [internal function]: spl_autoload_call('App\\Controllers...')
#6 C:\xampp\htdocs\codedabble\system\CodeIgniter.php(797): class_exists('\\App\\Controller...', true)
#7 C:\xampp\htdocs\codedabble\system\CodeIgniter.php(406): CodeIgniter\CodeIgniter->startController()
#8 C:\xampp\htdocs\codedabble\system\CodeIgniter.php(326): CodeIgniter\CodeIgniter->handleRequest(NULL, Object(Config\Cache), false)
#9 C:\xampp\htdocs\codedabble\public\index.php(37): CodeIgniter\CodeIgniter->run()
#10 {main}
CRITICAL - 2022-03-01 07:35:37 --> Methods with the same name as their class will not be constructors in a future version of PHP; index has a deprecated constructor
#0 C:\xampp\htdocs\codedabble\system\Autoloader\Autoloader.php(264): CodeIgniter\Debug\Exceptions->errorHandler(8192, 'Methods with th...', 'C:\\xampp\\htdocs...', 3, Array)
#1 C:\xampp\htdocs\codedabble\system\Autoloader\Autoloader.php(264): include_once()
#2 C:\xampp\htdocs\codedabble\system\Autoloader\Autoloader.php(241): CodeIgniter\Autoloader\Autoloader->includeFile('C:\\xampp\\htdocs...')
#3 C:\xampp\htdocs\codedabble\system\Autoloader\Autoloader.php(219): CodeIgniter\Autoloader\Autoloader->loadInNamespace('App\\Controllers...')
#4 [internal function]: CodeIgniter\Autoloader\Autoloader->loadClass('App\\Controllers...')
#5 [internal function]: spl_autoload_call('App\\Controllers...')
#6 C:\xampp\htdocs\codedabble\system\CodeIgniter.php(797): class_exists('\\App\\Controller...', true)
#7 C:\xampp\htdocs\codedabble\system\CodeIgniter.php(406): CodeIgniter\CodeIgniter->startController()
#8 C:\xampp\htdocs\codedabble\system\CodeIgniter.php(326): CodeIgniter\CodeIgniter->handleRequest(NULL, Object(Config\Cache), false)
#9 C:\xampp\htdocs\codedabble\public\index.php(37): CodeIgniter\CodeIgniter->run()
#10 {main}
CRITICAL - 2022-03-01 07:35:38 --> Methods with the same name as their class will not be constructors in a future version of PHP; index has a deprecated constructor
#0 C:\xampp\htdocs\codedabble\system\Autoloader\Autoloader.php(264): CodeIgniter\Debug\Exceptions->errorHandler(8192, 'Methods with th...', 'C:\\xampp\\htdocs...', 3, Array)
#1 C:\xampp\htdocs\codedabble\system\Autoloader\Autoloader.php(264): include_once()
#2 C:\xampp\htdocs\codedabble\system\Autoloader\Autoloader.php(241): CodeIgniter\Autoloader\Autoloader->includeFile('C:\\xampp\\htdocs...')
#3 C:\xampp\htdocs\codedabble\system\Autoloader\Autoloader.php(219): CodeIgniter\Autoloader\Autoloader->loadInNamespace('App\\Controllers...')
#4 [internal function]: CodeIgniter\Autoloader\Autoloader->loadClass('App\\Controllers...')
#5 [internal function]: spl_autoload_call('App\\Controllers...')
#6 C:\xampp\htdocs\codedabble\system\CodeIgniter.php(797): class_exists('\\App\\Controller...', true)
#7 C:\xampp\htdocs\codedabble\system\CodeIgniter.php(406): CodeIgniter\CodeIgniter->startController()
#8 C:\xampp\htdocs\codedabble\system\CodeIgniter.php(326): CodeIgniter\CodeIgniter->handleRequest(NULL, Object(Config\Cache), false)
#9 C:\xampp\htdocs\codedabble\public\index.php(37): CodeIgniter\CodeIgniter->run()
#10 {main}
CRITICAL - 2022-03-01 07:35:38 --> Methods with the same name as their class will not be constructors in a future version of PHP; index has a deprecated constructor
#0 C:\xampp\htdocs\codedabble\system\Autoloader\Autoloader.php(264): CodeIgniter\Debug\Exceptions->errorHandler(8192, 'Methods with th...', 'C:\\xampp\\htdocs...', 3, Array)
#1 C:\xampp\htdocs\codedabble\system\Autoloader\Autoloader.php(264): include_once()
#2 C:\xampp\htdocs\codedabble\system\Autoloader\Autoloader.php(241): CodeIgniter\Autoloader\Autoloader->includeFile('C:\\xampp\\htdocs...')
#3 C:\xampp\htdocs\codedabble\system\Autoloader\Autoloader.php(219): CodeIgniter\Autoloader\Autoloader->loadInNamespace('App\\Controllers...')
#4 [internal function]: CodeIgniter\Autoloader\Autoloader->loadClass('App\\Controllers...')
#5 [internal function]: spl_autoload_call('App\\Controllers...')
#6 C:\xampp\htdocs\codedabble\system\CodeIgniter.php(797): class_exists('\\App\\Controller...', true)
#7 C:\xampp\htdocs\codedabble\system\CodeIgniter.php(406): CodeIgniter\CodeIgniter->startController()
#8 C:\xampp\htdocs\codedabble\system\CodeIgniter.php(326): CodeIgniter\CodeIgniter->handleRequest(NULL, Object(Config\Cache), false)
#9 C:\xampp\htdocs\codedabble\public\index.php(37): CodeIgniter\CodeIgniter->run()
#10 {main}
CRITICAL - 2022-03-01 07:38:12 --> Methods with the same name as their class will not be constructors in a future version of PHP; index has a deprecated constructor
#0 C:\xampp\htdocs\codedabble\system\Autoloader\Autoloader.php(264): CodeIgniter\Debug\Exceptions->errorHandler(8192, 'Methods with th...', 'C:\\xampp\\htdocs...', 3, Array)
#1 C:\xampp\htdocs\codedabble\system\Autoloader\Autoloader.php(264): include_once()
#2 C:\xampp\htdocs\codedabble\system\Autoloader\Autoloader.php(241): CodeIgniter\Autoloader\Autoloader->includeFile('C:\\xampp\\htdocs...')
#3 C:\xampp\htdocs\codedabble\system\Autoloader\Autoloader.php(219): CodeIgniter\Autoloader\Autoloader->loadInNamespace('App\\Controllers...')
#4 [internal function]: CodeIgniter\Autoloader\Autoloader->loadClass('App\\Controllers...')
#5 [internal function]: spl_autoload_call('App\\Controllers...')
#6 C:\xampp\htdocs\codedabble\system\CodeIgniter.php(797): class_exists('\\App\\Controller...', true)
#7 C:\xampp\htdocs\codedabble\system\CodeIgniter.php(406): CodeIgniter\CodeIgniter->startController()
#8 C:\xampp\htdocs\codedabble\system\CodeIgniter.php(326): CodeIgniter\CodeIgniter->handleRequest(NULL, Object(Config\Cache), false)
#9 C:\xampp\htdocs\codedabble\public\index.php(37): CodeIgniter\CodeIgniter->run()
#10 {main}
CRITICAL - 2022-03-01 07:38:13 --> Methods with the same name as their class will not be constructors in a future version of PHP; index has a deprecated constructor
#0 C:\xampp\htdocs\codedabble\system\Autoloader\Autoloader.php(264): CodeIgniter\Debug\Exceptions->errorHandler(8192, 'Methods with th...', 'C:\\xampp\\htdocs...', 3, Array)
#1 C:\xampp\htdocs\codedabble\system\Autoloader\Autoloader.php(264): include_once()
#2 C:\xampp\htdocs\codedabble\system\Autoloader\Autoloader.php(241): CodeIgniter\Autoloader\Autoloader->includeFile('C:\\xampp\\htdocs...')
#3 C:\xampp\htdocs\codedabble\system\Autoloader\Autoloader.php(219): CodeIgniter\Autoloader\Autoloader->loadInNamespace('App\\Controllers...')
#4 [internal function]: CodeIgniter\Autoloader\Autoloader->loadClass('App\\Controllers...')
#5 [internal function]: spl_autoload_call('App\\Controllers...')
#6 C:\xampp\htdocs\codedabble\system\CodeIgniter.php(797): class_exists('\\App\\Controller...', true)
#7 C:\xampp\htdocs\codedabble\system\CodeIgniter.php(406): CodeIgniter\CodeIgniter->startController()
#8 C:\xampp\htdocs\codedabble\system\CodeIgniter.php(326): CodeIgniter\CodeIgniter->handleRequest(NULL, Object(Config\Cache), false)
#9 C:\xampp\htdocs\codedabble\public\index.php(37): CodeIgniter\CodeIgniter->run()
#10 {main}
CRITICAL - 2022-03-01 07:38:13 --> Methods with the same name as their class will not be constructors in a future version of PHP; index has a deprecated constructor
#0 C:\xampp\htdocs\codedabble\system\Autoloader\Autoloader.php(264): CodeIgniter\Debug\Exceptions->errorHandler(8192, 'Methods with th...', 'C:\\xampp\\htdocs...', 3, Array)
#1 C:\xampp\htdocs\codedabble\system\Autoloader\Autoloader.php(264): include_once()
#2 C:\xampp\htdocs\codedabble\system\Autoloader\Autoloader.php(241): CodeIgniter\Autoloader\Autoloader->includeFile('C:\\xampp\\htdocs...')
#3 C:\xampp\htdocs\codedabble\system\Autoloader\Autoloader.php(219): CodeIgniter\Autoloader\Autoloader->loadInNamespace('App\\Controllers...')
#4 [internal function]: CodeIgniter\Autoloader\Autoloader->loadClass('App\\Controllers...')
#5 [internal function]: spl_autoload_call('App\\Controllers...')
#6 C:\xampp\htdocs\codedabble\system\CodeIgniter.php(797): class_exists('\\App\\Controller...', true)
#7 C:\xampp\htdocs\codedabble\system\CodeIgniter.php(406): CodeIgniter\CodeIgniter->startController()
#8 C:\xampp\htdocs\codedabble\system\CodeIgniter.php(326): CodeIgniter\CodeIgniter->handleRequest(NULL, Object(Config\Cache), false)
#9 C:\xampp\htdocs\codedabble\public\index.php(37): CodeIgniter\CodeIgniter->run()
#10 {main}
CRITICAL - 2022-03-01 07:40:01 --> Methods with the same name as their class will not be constructors in a future version of PHP; index has a deprecated constructor
#0 C:\xampp\htdocs\codedabble\system\Autoloader\Autoloader.php(264): CodeIgniter\Debug\Exceptions->errorHandler(8192, 'Methods with th...', 'C:\\xampp\\htdocs...', 3, Array)
#1 C:\xampp\htdocs\codedabble\system\Autoloader\Autoloader.php(264): include_once()
#2 C:\xampp\htdocs\codedabble\system\Autoloader\Autoloader.php(241): CodeIgniter\Autoloader\Autoloader->includeFile('C:\\xampp\\htdocs...')
#3 C:\xampp\htdocs\codedabble\system\Autoloader\Autoloader.php(219): CodeIgniter\Autoloader\Autoloader->loadInNamespace('App\\Controllers...')
#4 [internal function]: CodeIgniter\Autoloader\Autoloader->loadClass('App\\Controllers...')
#5 [internal function]: spl_autoload_call('App\\Controllers...')
#6 C:\xampp\htdocs\codedabble\system\CodeIgniter.php(797): class_exists('\\App\\Controller...', true)
#7 C:\xampp\htdocs\codedabble\system\CodeIgniter.php(406): CodeIgniter\CodeIgniter->startController()
#8 C:\xampp\htdocs\codedabble\system\CodeIgniter.php(326): CodeIgniter\CodeIgniter->handleRequest(NULL, Object(Config\Cache), false)
#9 C:\xampp\htdocs\codedabble\public\index.php(37): CodeIgniter\CodeIgniter->run()
#10 {main}
CRITICAL - 2022-03-01 07:41:12 --> Methods with the same name as their class will not be constructors in a future version of PHP; index has a deprecated constructor
#0 C:\xampp\htdocs\codedabble\system\Autoloader\Autoloader.php(264): CodeIgniter\Debug\Exceptions->errorHandler(8192, 'Methods with th...', 'C:\\xampp\\htdocs...', 3, Array)
#1 C:\xampp\htdocs\codedabble\system\Autoloader\Autoloader.php(264): include_once()
#2 C:\xampp\htdocs\codedabble\system\Autoloader\Autoloader.php(241): CodeIgniter\Autoloader\Autoloader->includeFile('C:\\xampp\\htdocs...')
#3 C:\xampp\htdocs\codedabble\system\Autoloader\Autoloader.php(219): CodeIgniter\Autoloader\Autoloader->loadInNamespace('App\\Controllers...')
#4 [internal function]: CodeIgniter\Autoloader\Autoloader->loadClass('App\\Controllers...')
#5 [internal function]: spl_autoload_call('App\\Controllers...')
#6 C:\xampp\htdocs\codedabble\system\CodeIgniter.php(797): class_exists('\\App\\Controller...', true)
#7 C:\xampp\htdocs\codedabble\system\CodeIgniter.php(406): CodeIgniter\CodeIgniter->startController()
#8 C:\xampp\htdocs\codedabble\system\CodeIgniter.php(326): CodeIgniter\CodeIgniter->handleRequest(NULL, Object(Config\Cache), false)
#9 C:\xampp\htdocs\codedabble\public\index.php(37): CodeIgniter\CodeIgniter->run()
#10 {main}
CRITICAL - 2022-03-01 07:42:35 --> Methods with the same name as their class will not be constructors in a future version of PHP; index has a deprecated constructor
#0 C:\xampp\htdocs\codedabble\system\Autoloader\Autoloader.php(264): CodeIgniter\Debug\Exceptions->errorHandler(8192, 'Methods with th...', 'C:\\xampp\\htdocs...', 3, Array)
#1 C:\xampp\htdocs\codedabble\system\Autoloader\Autoloader.php(264): include_once()
#2 C:\xampp\htdocs\codedabble\system\Autoloader\Autoloader.php(241): CodeIgniter\Autoloader\Autoloader->includeFile('C:\\xampp\\htdocs...')
#3 C:\xampp\htdocs\codedabble\system\Autoloader\Autoloader.php(219): CodeIgniter\Autoloader\Autoloader->loadInNamespace('App\\Controllers...')
#4 [internal function]: CodeIgniter\Autoloader\Autoloader->loadClass('App\\Controllers...')
#5 [internal function]: spl_autoload_call('App\\Controllers...')
#6 C:\xampp\htdocs\codedabble\system\CodeIgniter.php(797): class_exists('\\App\\Controller...', true)
#7 C:\xampp\htdocs\codedabble\system\CodeIgniter.php(406): CodeIgniter\CodeIgniter->startController()
#8 C:\xampp\htdocs\codedabble\system\CodeIgniter.php(326): CodeIgniter\CodeIgniter->handleRequest(NULL, Object(Config\Cache), false)
#9 C:\xampp\htdocs\codedabble\public\index.php(37): CodeIgniter\CodeIgniter->run()
#10 {main}
CRITICAL - 2022-03-01 07:46:52 --> Methods with the same name as their class will not be constructors in a future version of PHP; index has a deprecated constructor
#0 C:\xampp\htdocs\codedabble\system\Autoloader\Autoloader.php(264): CodeIgniter\Debug\Exceptions->errorHandler(8192, 'Methods with th...', 'C:\\xampp\\htdocs...', 3, Array)
#1 C:\xampp\htdocs\codedabble\system\Autoloader\Autoloader.php(264): include_once()
#2 C:\xampp\htdocs\codedabble\system\Autoloader\Autoloader.php(241): CodeIgniter\Autoloader\Autoloader->includeFile('C:\\xampp\\htdocs...')
#3 C:\xampp\htdocs\codedabble\system\Autoloader\Autoloader.php(219): CodeIgniter\Autoloader\Autoloader->loadInNamespace('App\\Controllers...')
#4 [internal function]: CodeIgniter\Autoloader\Autoloader->loadClass('App\\Controllers...')
#5 [internal function]: spl_autoload_call('App\\Controllers...')
#6 C:\xampp\htdocs\codedabble\system\CodeIgniter.php(797): class_exists('\\App\\Controller...', true)
#7 C:\xampp\htdocs\codedabble\system\CodeIgniter.php(406): CodeIgniter\CodeIgniter->startController()
#8 C:\xampp\htdocs\codedabble\system\CodeIgniter.php(326): CodeIgniter\CodeIgniter->handleRequest(NULL, Object(Config\Cache), false)
#9 C:\xampp\htdocs\codedabble\public\index.php(37): CodeIgniter\CodeIgniter->run()
#10 {main}
CRITICAL - 2022-03-01 07:46:53 --> Methods with the same name as their class will not be constructors in a future version of PHP; index has a deprecated constructor
#0 C:\xampp\htdocs\codedabble\system\Autoloader\Autoloader.php(264): CodeIgniter\Debug\Exceptions->errorHandler(8192, 'Methods with th...', 'C:\\xampp\\htdocs...', 3, Array)
#1 C:\xampp\htdocs\codedabble\system\Autoloader\Autoloader.php(264): include_once()
#2 C:\xampp\htdocs\codedabble\system\Autoloader\Autoloader.php(241): CodeIgniter\Autoloader\Autoloader->includeFile('C:\\xampp\\htdocs...')
#3 C:\xampp\htdocs\codedabble\system\Autoloader\Autoloader.php(219): CodeIgniter\Autoloader\Autoloader->loadInNamespace('App\\Controllers...')
#4 [internal function]: CodeIgniter\Autoloader\Autoloader->loadClass('App\\Controllers...')
#5 [internal function]: spl_autoload_call('App\\Controllers...')
#6 C:\xampp\htdocs\codedabble\system\CodeIgniter.php(797): class_exists('\\App\\Controller...', true)
#7 C:\xampp\htdocs\codedabble\system\CodeIgniter.php(406): CodeIgniter\CodeIgniter->startController()
#8 C:\xampp\htdocs\codedabble\system\CodeIgniter.php(326): CodeIgniter\CodeIgniter->handleRequest(NULL, Object(Config\Cache), false)
#9 C:\xampp\htdocs\codedabble\public\index.php(37): CodeIgniter\CodeIgniter->run()
#10 {main}
CRITICAL - 2022-03-01 07:50:13 --> Class 'CI_Controller' not found
#0 C:\xampp\htdocs\codedabble\system\Autoloader\Autoloader.php(264): include_once()
#1 C:\xampp\htdocs\codedabble\system\Autoloader\Autoloader.php(241): CodeIgniter\Autoloader\Autoloader->includeFile('C:\\xampp\\htdocs...')
#2 C:\xampp\htdocs\codedabble\system\Autoloader\Autoloader.php(219): CodeIgniter\Autoloader\Autoloader->loadInNamespace('App\\Controllers...')
#3 [internal function]: CodeIgniter\Autoloader\Autoloader->loadClass('App\\Controllers...')
#4 [internal function]: spl_autoload_call('App\\Controllers...')
#5 C:\xampp\htdocs\codedabble\system\CodeIgniter.php(797): class_exists('\\App\\Controller...', true)
#6 C:\xampp\htdocs\codedabble\system\CodeIgniter.php(406): CodeIgniter\CodeIgniter->startController()
#7 C:\xampp\htdocs\codedabble\system\CodeIgniter.php(326): CodeIgniter\CodeIgniter->handleRequest(NULL, Object(Config\Cache), false)
#8 C:\xampp\htdocs\codedabble\public\index.php(37): CodeIgniter\CodeIgniter->run()
#9 {main}
CRITICAL - 2022-03-01 07:50:14 --> Class 'CI_Controller' not found
#0 C:\xampp\htdocs\codedabble\system\Autoloader\Autoloader.php(264): include_once()
#1 C:\xampp\htdocs\codedabble\system\Autoloader\Autoloader.php(241): CodeIgniter\Autoloader\Autoloader->includeFile('C:\\xampp\\htdocs...')
#2 C:\xampp\htdocs\codedabble\system\Autoloader\Autoloader.php(219): CodeIgniter\Autoloader\Autoloader->loadInNamespace('App\\Controllers...')
#3 [internal function]: CodeIgniter\Autoloader\Autoloader->loadClass('App\\Controllers...')
#4 [internal function]: spl_autoload_call('App\\Controllers...')
#5 C:\xampp\htdocs\codedabble\system\CodeIgniter.php(797): class_exists('\\App\\Controller...', true)
#6 C:\xampp\htdocs\codedabble\system\CodeIgniter.php(406): CodeIgniter\CodeIgniter->startController()
#7 C:\xampp\htdocs\codedabble\system\CodeIgniter.php(326): CodeIgniter\CodeIgniter->handleRequest(NULL, Object(Config\Cache), false)
#8 C:\xampp\htdocs\codedabble\public\index.php(37): CodeIgniter\CodeIgniter->run()
#9 {main}
CRITICAL - 2022-03-01 07:50:14 --> Class 'CI_Controller' not found
#0 C:\xampp\htdocs\codedabble\system\Autoloader\Autoloader.php(264): include_once()
#1 C:\xampp\htdocs\codedabble\system\Autoloader\Autoloader.php(241): CodeIgniter\Autoloader\Autoloader->includeFile('C:\\xampp\\htdocs...')
#2 C:\xampp\htdocs\codedabble\system\Autoloader\Autoloader.php(219): CodeIgniter\Autoloader\Autoloader->loadInNamespace('App\\Controllers...')
#3 [internal function]: CodeIgniter\Autoloader\Autoloader->loadClass('App\\Controllers...')
#4 [internal function]: spl_autoload_call('App\\Controllers...')
#5 C:\xampp\htdocs\codedabble\system\CodeIgniter.php(797): class_exists('\\App\\Controller...', true)
#6 C:\xampp\htdocs\codedabble\system\CodeIgniter.php(406): CodeIgniter\CodeIgniter->startController()
#7 C:\xampp\htdocs\codedabble\system\CodeIgniter.php(326): CodeIgniter\CodeIgniter->handleRequest(NULL, Object(Config\Cache), false)
#8 C:\xampp\htdocs\codedabble\public\index.php(37): CodeIgniter\CodeIgniter->run()
#9 {main}
CRITICAL - 2022-03-01 07:50:21 --> Methods with the same name as their class will not be constructors in a future version of PHP; index has a deprecated constructor
#0 C:\xampp\htdocs\codedabble\system\Autoloader\Autoloader.php(264): CodeIgniter\Debug\Exceptions->errorHandler(8192, 'Methods with th...', 'C:\\xampp\\htdocs...', 3, Array)
#1 C:\xampp\htdocs\codedabble\system\Autoloader\Autoloader.php(264): include_once()
#2 C:\xampp\htdocs\codedabble\system\Autoloader\Autoloader.php(241): CodeIgniter\Autoloader\Autoloader->includeFile('C:\\xampp\\htdocs...')
#3 C:\xampp\htdocs\codedabble\system\Autoloader\Autoloader.php(219): CodeIgniter\Autoloader\Autoloader->loadInNamespace('App\\Controllers...')
#4 [internal function]: CodeIgniter\Autoloader\Autoloader->loadClass('App\\Controllers...')
#5 [internal function]: spl_autoload_call('App\\Controllers...')
#6 C:\xampp\htdocs\codedabble\system\CodeIgniter.php(797): class_exists('\\App\\Controller...', true)
#7 C:\xampp\htdocs\codedabble\system\CodeIgniter.php(406): CodeIgniter\CodeIgniter->startController()
#8 C:\xampp\htdocs\codedabble\system\CodeIgniter.php(326): CodeIgniter\CodeIgniter->handleRequest(NULL, Object(Config\Cache), false)
#9 C:\xampp\htdocs\codedabble\public\index.php(37): CodeIgniter\CodeIgniter->run()
#10 {main}
CRITICAL - 2022-03-01 07:50:51 --> Class 'CI_Controller' not found
#0 C:\xampp\htdocs\codedabble\system\Autoloader\Autoloader.php(264): include_once()
#1 C:\xampp\htdocs\codedabble\system\Autoloader\Autoloader.php(241): CodeIgniter\Autoloader\Autoloader->includeFile('C:\\xampp\\htdocs...')
#2 C:\xampp\htdocs\codedabble\system\Autoloader\Autoloader.php(219): CodeIgniter\Autoloader\Autoloader->loadInNamespace('App\\Controllers...')
#3 [internal function]: CodeIgniter\Autoloader\Autoloader->loadClass('App\\Controllers...')
#4 [internal function]: spl_autoload_call('App\\Controllers...')
#5 C:\xampp\htdocs\codedabble\system\CodeIgniter.php(797): class_exists('\\App\\Controller...', true)
#6 C:\xampp\htdocs\codedabble\system\CodeIgniter.php(406): CodeIgniter\CodeIgniter->startController()
#7 C:\xampp\htdocs\codedabble\system\CodeIgniter.php(326): CodeIgniter\CodeIgniter->handleRequest(NULL, Object(Config\Cache), false)
#8 C:\xampp\htdocs\codedabble\public\index.php(37): CodeIgniter\CodeIgniter->run()
#9 {main}
CRITICAL - 2022-03-01 07:50:51 --> Class 'CI_Controller' not found
#0 C:\xampp\htdocs\codedabble\system\Autoloader\Autoloader.php(264): include_once()
#1 C:\xampp\htdocs\codedabble\system\Autoloader\Autoloader.php(241): CodeIgniter\Autoloader\Autoloader->includeFile('C:\\xampp\\htdocs...')
#2 C:\xampp\htdocs\codedabble\system\Autoloader\Autoloader.php(219): CodeIgniter\Autoloader\Autoloader->loadInNamespace('App\\Controllers...')
#3 [internal function]: CodeIgniter\Autoloader\Autoloader->loadClass('App\\Controllers...')
#4 [internal function]: spl_autoload_call('App\\Controllers...')
#5 C:\xampp\htdocs\codedabble\system\CodeIgniter.php(797): class_exists('\\App\\Controller...', true)
#6 C:\xampp\htdocs\codedabble\system\CodeIgniter.php(406): CodeIgniter\CodeIgniter->startController()
#7 C:\xampp\htdocs\codedabble\system\CodeIgniter.php(326): CodeIgniter\CodeIgniter->handleRequest(NULL, Object(Config\Cache), false)
#8 C:\xampp\htdocs\codedabble\public\index.php(37): CodeIgniter\CodeIgniter->run()
#9 {main}
CRITICAL - 2022-03-01 07:51:01 --> Methods with the same name as their class will not be constructors in a future version of PHP; Home has a deprecated constructor
#0 C:\xampp\htdocs\codedabble\system\Autoloader\Autoloader.php(264): CodeIgniter\Debug\Exceptions->errorHandler(8192, 'Methods with th...', 'C:\\xampp\\htdocs...', 3, Array)
#1 C:\xampp\htdocs\codedabble\system\Autoloader\Autoloader.php(264): include_once()
#2 C:\xampp\htdocs\codedabble\system\Autoloader\Autoloader.php(241): CodeIgniter\Autoloader\Autoloader->includeFile('C:\\xampp\\htdocs...')
#3 C:\xampp\htdocs\codedabble\system\Autoloader\Autoloader.php(219): CodeIgniter\Autoloader\Autoloader->loadInNamespace('App\\Controllers...')
#4 [internal function]: CodeIgniter\Autoloader\Autoloader->loadClass('App\\Controllers...')
#5 [internal function]: spl_autoload_call('App\\Controllers...')
#6 C:\xampp\htdocs\codedabble\system\CodeIgniter.php(797): class_exists('\\App\\Controller...', true)
#7 C:\xampp\htdocs\codedabble\system\CodeIgniter.php(406): CodeIgniter\CodeIgniter->startController()
#8 C:\xampp\htdocs\codedabble\system\CodeIgniter.php(326): CodeIgniter\CodeIgniter->handleRequest(NULL, Object(Config\Cache), false)
#9 C:\xampp\htdocs\codedabble\public\index.php(37): CodeIgniter\CodeIgniter->run()
#10 {main}
CRITICAL - 2022-03-01 07:51:01 --> Methods with the same name as their class will not be constructors in a future version of PHP; Home has a deprecated constructor
#0 C:\xampp\htdocs\codedabble\system\Autoloader\Autoloader.php(264): CodeIgniter\Debug\Exceptions->errorHandler(8192, 'Methods with th...', 'C:\\xampp\\htdocs...', 3, Array)
#1 C:\xampp\htdocs\codedabble\system\Autoloader\Autoloader.php(264): include_once()
#2 C:\xampp\htdocs\codedabble\system\Autoloader\Autoloader.php(241): CodeIgniter\Autoloader\Autoloader->includeFile('C:\\xampp\\htdocs...')
#3 C:\xampp\htdocs\codedabble\system\Autoloader\Autoloader.php(219): CodeIgniter\Autoloader\Autoloader->loadInNamespace('App\\Controllers...')
#4 [internal function]: CodeIgniter\Autoloader\Autoloader->loadClass('App\\Controllers...')
#5 [internal function]: spl_autoload_call('App\\Controllers...')
#6 C:\xampp\htdocs\codedabble\system\CodeIgniter.php(797): class_exists('\\App\\Controller...', true)
#7 C:\xampp\htdocs\codedabble\system\CodeIgniter.php(406): CodeIgniter\CodeIgniter->startController()
#8 C:\xampp\htdocs\codedabble\system\CodeIgniter.php(326): CodeIgniter\CodeIgniter->handleRequest(NULL, Object(Config\Cache), false)
#9 C:\xampp\htdocs\codedabble\public\index.php(37): CodeIgniter\CodeIgniter->run()
#10 {main}
CRITICAL - 2022-03-01 07:51:02 --> Methods with the same name as their class will not be constructors in a future version of PHP; Home has a deprecated constructor
#0 C:\xampp\htdocs\codedabble\system\Autoloader\Autoloader.php(264): CodeIgniter\Debug\Exceptions->errorHandler(8192, 'Methods with th...', 'C:\\xampp\\htdocs...', 3, Array)
#1 C:\xampp\htdocs\codedabble\system\Autoloader\Autoloader.php(264): include_once()
#2 C:\xampp\htdocs\codedabble\system\Autoloader\Autoloader.php(241): CodeIgniter\Autoloader\Autoloader->includeFile('C:\\xampp\\htdocs...')
#3 C:\xampp\htdocs\codedabble\system\Autoloader\Autoloader.php(219): CodeIgniter\Autoloader\Autoloader->loadInNamespace('App\\Controllers...')
#4 [internal function]: CodeIgniter\Autoloader\Autoloader->loadClass('App\\Controllers...')
#5 [internal function]: spl_autoload_call('App\\Controllers...')
#6 C:\xampp\htdocs\codedabble\system\CodeIgniter.php(797): class_exists('\\App\\Controller...', true)
#7 C:\xampp\htdocs\codedabble\system\CodeIgniter.php(406): CodeIgniter\CodeIgniter->startController()
#8 C:\xampp\htdocs\codedabble\system\CodeIgniter.php(326): CodeIgniter\CodeIgniter->handleRequest(NULL, Object(Config\Cache), false)
#9 C:\xampp\htdocs\codedabble\public\index.php(37): CodeIgniter\CodeIgniter->run()
#10 {main}
CRITICAL - 2022-03-01 07:53:22 --> Class 'CI_Controller' not found
#0 C:\xampp\htdocs\codedabble\system\Autoloader\Autoloader.php(264): include_once()
#1 C:\xampp\htdocs\codedabble\system\Autoloader\Autoloader.php(241): CodeIgniter\Autoloader\Autoloader->includeFile('C:\\xampp\\htdocs...')
#2 C:\xampp\htdocs\codedabble\system\Autoloader\Autoloader.php(219): CodeIgniter\Autoloader\Autoloader->loadInNamespace('App\\Controllers...')
#3 [internal function]: CodeIgniter\Autoloader\Autoloader->loadClass('App\\Controllers...')
#4 [internal function]: spl_autoload_call('App\\Controllers...')
#5 C:\xampp\htdocs\codedabble\system\CodeIgniter.php(797): class_exists('\\App\\Controller...', true)
#6 C:\xampp\htdocs\codedabble\system\CodeIgniter.php(406): CodeIgniter\CodeIgniter->startController()
#7 C:\xampp\htdocs\codedabble\system\CodeIgniter.php(326): CodeIgniter\CodeIgniter->handleRequest(NULL, Object(Config\Cache), false)
#8 C:\xampp\htdocs\codedabble\public\index.php(37): CodeIgniter\CodeIgniter->run()
#9 {main}
CRITICAL - 2022-03-01 07:53:23 --> Class 'CI_Controller' not found
#0 C:\xampp\htdocs\codedabble\system\Autoloader\Autoloader.php(264): include_once()
#1 C:\xampp\htdocs\codedabble\system\Autoloader\Autoloader.php(241): CodeIgniter\Autoloader\Autoloader->includeFile('C:\\xampp\\htdocs...')
#2 C:\xampp\htdocs\codedabble\system\Autoloader\Autoloader.php(219): CodeIgniter\Autoloader\Autoloader->loadInNamespace('App\\Controllers...')
#3 [internal function]: CodeIgniter\Autoloader\Autoloader->loadClass('App\\Controllers...')
#4 [internal function]: spl_autoload_call('App\\Controllers...')
#5 C:\xampp\htdocs\codedabble\system\CodeIgniter.php(797): class_exists('\\App\\Controller...', true)
#6 C:\xampp\htdocs\codedabble\system\CodeIgniter.php(406): CodeIgniter\CodeIgniter->startController()
#7 C:\xampp\htdocs\codedabble\system\CodeIgniter.php(326): CodeIgniter\CodeIgniter->handleRequest(NULL, Object(Config\Cache), false)
#8 C:\xampp\htdocs\codedabble\public\index.php(37): CodeIgniter\CodeIgniter->run()
#9 {main}
CRITICAL - 2022-03-01 07:54:01 --> Class 'CI_Controller' not found
#0 C:\xampp\htdocs\codedabble\system\Autoloader\Autoloader.php(264): include_once()
#1 C:\xampp\htdocs\codedabble\system\Autoloader\Autoloader.php(241): CodeIgniter\Autoloader\Autoloader->includeFile('C:\\xampp\\htdocs...')
#2 C:\xampp\htdocs\codedabble\system\Autoloader\Autoloader.php(219): CodeIgniter\Autoloader\Autoloader->loadInNamespace('App\\Controllers...')
#3 [internal function]: CodeIgniter\Autoloader\Autoloader->loadClass('App\\Controllers...')
#4 [internal function]: spl_autoload_call('App\\Controllers...')
#5 C:\xampp\htdocs\codedabble\system\CodeIgniter.php(797): class_exists('\\App\\Controller...', true)
#6 C:\xampp\htdocs\codedabble\system\CodeIgniter.php(406): CodeIgniter\CodeIgniter->startController()
#7 C:\xampp\htdocs\codedabble\system\CodeIgniter.php(326): CodeIgniter\CodeIgniter->handleRequest(NULL, Object(Config\Cache), false)
#8 C:\xampp\htdocs\codedabble\public\index.php(37): CodeIgniter\CodeIgniter->run()
#9 {main}
CRITICAL - 2022-03-01 07:54:01 --> Class 'CI_Controller' not found
#0 C:\xampp\htdocs\codedabble\system\Autoloader\Autoloader.php(264): include_once()
#1 C:\xampp\htdocs\codedabble\system\Autoloader\Autoloader.php(241): CodeIgniter\Autoloader\Autoloader->includeFile('C:\\xampp\\htdocs...')
#2 C:\xampp\htdocs\codedabble\system\Autoloader\Autoloader.php(219): CodeIgniter\Autoloader\Autoloader->loadInNamespace('App\\Controllers...')
#3 [internal function]: CodeIgniter\Autoloader\Autoloader->loadClass('App\\Controllers...')
#4 [internal function]: spl_autoload_call('App\\Controllers...')
#5 C:\xampp\htdocs\codedabble\system\CodeIgniter.php(797): class_exists('\\App\\Controller...', true)
#6 C:\xampp\htdocs\codedabble\system\CodeIgniter.php(406): CodeIgniter\CodeIgniter->startController()
#7 C:\xampp\htdocs\codedabble\system\CodeIgniter.php(326): CodeIgniter\CodeIgniter->handleRequest(NULL, Object(Config\Cache), false)
#8 C:\xampp\htdocs\codedabble\public\index.php(37): CodeIgniter\CodeIgniter->run()
#9 {main}
CRITICAL - 2022-03-01 07:54:02 --> Class 'CI_Controller' not found
#0 C:\xampp\htdocs\codedabble\system\Autoloader\Autoloader.php(264): include_once()
#1 C:\xampp\htdocs\codedabble\system\Autoloader\Autoloader.php(241): CodeIgniter\Autoloader\Autoloader->includeFile('C:\\xampp\\htdocs...')
#2 C:\xampp\htdocs\codedabble\system\Autoloader\Autoloader.php(219): CodeIgniter\Autoloader\Autoloader->loadInNamespace('App\\Controllers...')
#3 [internal function]: CodeIgniter\Autoloader\Autoloader->loadClass('App\\Controllers...')
#4 [internal function]: spl_autoload_call('App\\Controllers...')
#5 C:\xampp\htdocs\codedabble\system\CodeIgniter.php(797): class_exists('\\App\\Controller...', true)
#6 C:\xampp\htdocs\codedabble\system\CodeIgniter.php(406): CodeIgniter\CodeIgniter->startController()
#7 C:\xampp\htdocs\codedabble\system\CodeIgniter.php(326): CodeIgniter\CodeIgniter->handleRequest(NULL, Object(Config\Cache), false)
#8 C:\xampp\htdocs\codedabble\public\index.php(37): CodeIgniter\CodeIgniter->run()
#9 {main}
CRITICAL - 2022-03-01 07:54:31 --> Class 'BaseController' not found
#0 C:\xampp\htdocs\codedabble\system\Autoloader\Autoloader.php(264): include_once()
#1 C:\xampp\htdocs\codedabble\system\Autoloader\Autoloader.php(241): CodeIgniter\Autoloader\Autoloader->includeFile('C:\\xampp\\htdocs...')
#2 C:\xampp\htdocs\codedabble\system\Autoloader\Autoloader.php(219): CodeIgniter\Autoloader\Autoloader->loadInNamespace('App\\Controllers...')
#3 [internal function]: CodeIgniter\Autoloader\Autoloader->loadClass('App\\Controllers...')
#4 [internal function]: spl_autoload_call('App\\Controllers...')
#5 C:\xampp\htdocs\codedabble\system\CodeIgniter.php(797): class_exists('\\App\\Controller...', true)
#6 C:\xampp\htdocs\codedabble\system\CodeIgniter.php(406): CodeIgniter\CodeIgniter->startController()
#7 C:\xampp\htdocs\codedabble\system\CodeIgniter.php(326): CodeIgniter\CodeIgniter->handleRequest(NULL, Object(Config\Cache), false)
#8 C:\xampp\htdocs\codedabble\public\index.php(37): CodeIgniter\CodeIgniter->run()
#9 {main}
CRITICAL - 2022-03-01 07:58:54 --> Class 'BaseController' not found
#0 C:\xampp\htdocs\codedabble\system\Autoloader\Autoloader.php(264): include_once()
#1 C:\xampp\htdocs\codedabble\system\Autoloader\Autoloader.php(241): CodeIgniter\Autoloader\Autoloader->includeFile('C:\\xampp\\htdocs...')
#2 C:\xampp\htdocs\codedabble\system\Autoloader\Autoloader.php(219): CodeIgniter\Autoloader\Autoloader->loadInNamespace('App\\Controllers...')
#3 [internal function]: CodeIgniter\Autoloader\Autoloader->loadClass('App\\Controllers...')
#4 [internal function]: spl_autoload_call('App\\Controllers...')
#5 C:\xampp\htdocs\codedabble\system\CodeIgniter.php(797): class_exists('\\App\\Controller...', true)
#6 C:\xampp\htdocs\codedabble\system\CodeIgniter.php(406): CodeIgniter\CodeIgniter->startController()
#7 C:\xampp\htdocs\codedabble\system\CodeIgniter.php(326): CodeIgniter\CodeIgniter->handleRequest(NULL, Object(Config\Cache), false)
#8 C:\xampp\htdocs\codedabble\public\index.php(37): CodeIgniter\CodeIgniter->run()
#9 {main}
CRITICAL - 2022-03-01 07:59:38 --> Class 'BaseController' not found
#0 C:\xampp\htdocs\codedabble\system\Autoloader\Autoloader.php(264): include_once()
#1 C:\xampp\htdocs\codedabble\system\Autoloader\Autoloader.php(241): CodeIgniter\Autoloader\Autoloader->includeFile('C:\\xampp\\htdocs...')
#2 C:\xampp\htdocs\codedabble\system\Autoloader\Autoloader.php(219): CodeIgniter\Autoloader\Autoloader->loadInNamespace('App\\Controllers...')
#3 [internal function]: CodeIgniter\Autoloader\Autoloader->loadClass('App\\Controllers...')
#4 [internal function]: spl_autoload_call('App\\Controllers...')
#5 C:\xampp\htdocs\codedabble\system\CodeIgniter.php(797): class_exists('\\App\\Controller...', true)
#6 C:\xampp\htdocs\codedabble\system\CodeIgniter.php(406): CodeIgniter\CodeIgniter->startController()
#7 C:\xampp\htdocs\codedabble\system\CodeIgniter.php(326): CodeIgniter\CodeIgniter->handleRequest(NULL, Object(Config\Cache), false)
#8 C:\xampp\htdocs\codedabble\public\index.php(37): CodeIgniter\CodeIgniter->run()
#9 {main}
CRITICAL - 2022-03-01 07:59:39 --> Class 'BaseController' not found
#0 C:\xampp\htdocs\codedabble\system\Autoloader\Autoloader.php(264): include_once()
#1 C:\xampp\htdocs\codedabble\system\Autoloader\Autoloader.php(241): CodeIgniter\Autoloader\Autoloader->includeFile('C:\\xampp\\htdocs...')
#2 C:\xampp\htdocs\codedabble\system\Autoloader\Autoloader.php(219): CodeIgniter\Autoloader\Autoloader->loadInNamespace('App\\Controllers...')
#3 [internal function]: CodeIgniter\Autoloader\Autoloader->loadClass('App\\Controllers...')
#4 [internal function]: spl_autoload_call('App\\Controllers...')
#5 C:\xampp\htdocs\codedabble\system\CodeIgniter.php(797): class_exists('\\App\\Controller...', true)
#6 C:\xampp\htdocs\codedabble\system\CodeIgniter.php(406): CodeIgniter\CodeIgniter->startController()
#7 C:\xampp\htdocs\codedabble\system\CodeIgniter.php(326): CodeIgniter\CodeIgniter->handleRequest(NULL, Object(Config\Cache), false)
#8 C:\xampp\htdocs\codedabble\public\index.php(37): CodeIgniter\CodeIgniter->run()
#9 {main}
CRITICAL - 2022-03-01 07:59:40 --> Class 'BaseController' not found
#0 C:\xampp\htdocs\codedabble\system\Autoloader\Autoloader.php(264): include_once()
#1 C:\xampp\htdocs\codedabble\system\Autoloader\Autoloader.php(241): CodeIgniter\Autoloader\Autoloader->includeFile('C:\\xampp\\htdocs...')
#2 C:\xampp\htdocs\codedabble\system\Autoloader\Autoloader.php(219): CodeIgniter\Autoloader\Autoloader->loadInNamespace('App\\Controllers...')
#3 [internal function]: CodeIgniter\Autoloader\Autoloader->loadClass('App\\Controllers...')
#4 [internal function]: spl_autoload_call('App\\Controllers...')
#5 C:\xampp\htdocs\codedabble\system\CodeIgniter.php(797): class_exists('\\App\\Controller...', true)
#6 C:\xampp\htdocs\codedabble\system\CodeIgniter.php(406): CodeIgniter\CodeIgniter->startController()
#7 C:\xampp\htdocs\codedabble\system\CodeIgniter.php(326): CodeIgniter\CodeIgniter->handleRequest(NULL, Object(Config\Cache), false)
#8 C:\xampp\htdocs\codedabble\public\index.php(37): CodeIgniter\CodeIgniter->run()
#9 {main}
CRITICAL - 2022-03-01 07:59:53 --> Class 'CI_Controller' not found
#0 C:\xampp\htdocs\codedabble\system\Autoloader\Autoloader.php(264): include_once()
#1 C:\xampp\htdocs\codedabble\system\Autoloader\Autoloader.php(241): CodeIgniter\Autoloader\Autoloader->includeFile('C:\\xampp\\htdocs...')
#2 C:\xampp\htdocs\codedabble\system\Autoloader\Autoloader.php(219): CodeIgniter\Autoloader\Autoloader->loadInNamespace('App\\Controllers...')
#3 [internal function]: CodeIgniter\Autoloader\Autoloader->loadClass('App\\Controllers...')
#4 [internal function]: spl_autoload_call('App\\Controllers...')
#5 C:\xampp\htdocs\codedabble\system\CodeIgniter.php(797): class_exists('\\App\\Controller...', true)
#6 C:\xampp\htdocs\codedabble\system\CodeIgniter.php(406): CodeIgniter\CodeIgniter->startController()
#7 C:\xampp\htdocs\codedabble\system\CodeIgniter.php(326): CodeIgniter\CodeIgniter->handleRequest(NULL, Object(Config\Cache), false)
#8 C:\xampp\htdocs\codedabble\public\index.php(37): CodeIgniter\CodeIgniter->run()
#9 {main}
CRITICAL - 2022-03-01 08:03:42 --> Class 'BaseController' not found
#0 C:\xampp\htdocs\codedabble\system\Autoloader\Autoloader.php(264): include_once()
#1 C:\xampp\htdocs\codedabble\system\Autoloader\Autoloader.php(241): CodeIgniter\Autoloader\Autoloader->includeFile('C:\\xampp\\htdocs...')
#2 C:\xampp\htdocs\codedabble\system\Autoloader\Autoloader.php(219): CodeIgniter\Autoloader\Autoloader->loadInNamespace('App\\Controllers...')
#3 [internal function]: CodeIgniter\Autoloader\Autoloader->loadClass('App\\Controllers...')
#4 [internal function]: spl_autoload_call('App\\Controllers...')
#5 C:\xampp\htdocs\codedabble\system\CodeIgniter.php(797): class_exists('\\App\\Controller...', true)
#6 C:\xampp\htdocs\codedabble\system\CodeIgniter.php(406): CodeIgniter\CodeIgniter->startController()
#7 C:\xampp\htdocs\codedabble\system\CodeIgniter.php(326): CodeIgniter\CodeIgniter->handleRequest(NULL, Object(Config\Cache), false)
#8 C:\xampp\htdocs\codedabble\public\index.php(37): CodeIgniter\CodeIgniter->run()
#9 {main}
CRITICAL - 2022-03-01 08:03:43 --> Class 'BaseController' not found
#0 C:\xampp\htdocs\codedabble\system\Autoloader\Autoloader.php(264): include_once()
#1 C:\xampp\htdocs\codedabble\system\Autoloader\Autoloader.php(241): CodeIgniter\Autoloader\Autoloader->includeFile('C:\\xampp\\htdocs...')
#2 C:\xampp\htdocs\codedabble\system\Autoloader\Autoloader.php(219): CodeIgniter\Autoloader\Autoloader->loadInNamespace('App\\Controllers...')
#3 [internal function]: CodeIgniter\Autoloader\Autoloader->loadClass('App\\Controllers...')
#4 [internal function]: spl_autoload_call('App\\Controllers...')
#5 C:\xampp\htdocs\codedabble\system\CodeIgniter.php(797): class_exists('\\App\\Controller...', true)
#6 C:\xampp\htdocs\codedabble\system\CodeIgniter.php(406): CodeIgniter\CodeIgniter->startController()
#7 C:\xampp\htdocs\codedabble\system\CodeIgniter.php(326): CodeIgniter\CodeIgniter->handleRequest(NULL, Object(Config\Cache), false)
#8 C:\xampp\htdocs\codedabble\public\index.php(37): CodeIgniter\CodeIgniter->run()
#9 {main}
CRITICAL - 2022-03-01 08:04:50 --> Class 'BaseController' not found
#0 C:\xampp\htdocs\codedabble\system\Autoloader\Autoloader.php(264): include_once()
#1 C:\xampp\htdocs\codedabble\system\Autoloader\Autoloader.php(241): CodeIgniter\Autoloader\Autoloader->includeFile('C:\\xampp\\htdocs...')
#2 C:\xampp\htdocs\codedabble\system\Autoloader\Autoloader.php(219): CodeIgniter\Autoloader\Autoloader->loadInNamespace('App\\Controllers...')
#3 [internal function]: CodeIgniter\Autoloader\Autoloader->loadClass('App\\Controllers...')
#4 [internal function]: spl_autoload_call('App\\Controllers...')
#5 C:\xampp\htdocs\codedabble\system\CodeIgniter.php(797): class_exists('\\App\\Controller...', true)
#6 C:\xampp\htdocs\codedabble\system\CodeIgniter.php(406): CodeIgniter\CodeIgniter->startController()
#7 C:\xampp\htdocs\codedabble\system\CodeIgniter.php(326): CodeIgniter\CodeIgniter->handleRequest(NULL, Object(Config\Cache), false)
#8 C:\xampp\htdocs\codedabble\public\index.php(37): CodeIgniter\CodeIgniter->run()
#9 {main}
CRITICAL - 2022-03-01 08:04:51 --> Class 'BaseController' not found
#0 C:\xampp\htdocs\codedabble\system\Autoloader\Autoloader.php(264): include_once()
#1 C:\xampp\htdocs\codedabble\system\Autoloader\Autoloader.php(241): CodeIgniter\Autoloader\Autoloader->includeFile('C:\\xampp\\htdocs...')
#2 C:\xampp\htdocs\codedabble\system\Autoloader\Autoloader.php(219): CodeIgniter\Autoloader\Autoloader->loadInNamespace('App\\Controllers...')
#3 [internal function]: CodeIgniter\Autoloader\Autoloader->loadClass('App\\Controllers...')
#4 [internal function]: spl_autoload_call('App\\Controllers...')
#5 C:\xampp\htdocs\codedabble\system\CodeIgniter.php(797): class_exists('\\App\\Controller...', true)
#6 C:\xampp\htdocs\codedabble\system\CodeIgniter.php(406): CodeIgniter\CodeIgniter->startController()
#7 C:\xampp\htdocs\codedabble\system\CodeIgniter.php(326): CodeIgniter\CodeIgniter->handleRequest(NULL, Object(Config\Cache), false)
#8 C:\xampp\htdocs\codedabble\public\index.php(37): CodeIgniter\CodeIgniter->run()
#9 {main}
CRITICAL - 2022-03-01 08:05:50 --> Invalid file: hi.php
#0 C:\xampp\htdocs\codedabble\system\View\View.php(198): CodeIgniter\Exceptions\FrameworkException::forInvalidFile('hi.php')
#1 C:\xampp\htdocs\codedabble\system\Common.php(1089): CodeIgniter\View\View->render('hi', Array, true)
#2 C:\xampp\htdocs\codedabble\app\Controllers\Home.php(9): view('hi')
#3 C:\xampp\htdocs\codedabble\system\CodeIgniter.php(832): App\Controllers\Home->index()
#4 C:\xampp\htdocs\codedabble\system\CodeIgniter.php(419): CodeIgniter\CodeIgniter->runController(Object(App\Controllers\Home))
#5 C:\xampp\htdocs\codedabble\system\CodeIgniter.php(326): CodeIgniter\CodeIgniter->handleRequest(NULL, Object(Config\Cache), false)
#6 C:\xampp\htdocs\codedabble\public\index.php(37): CodeIgniter\CodeIgniter->run()
#7 {main}
CRITICAL - 2022-03-01 08:08:14 --> Undefined property: App\Controllers\Home::$load
#0 C:\xampp\htdocs\codedabble\app\Controllers\Home.php(9): CodeIgniter\Debug\Exceptions->errorHandler(8, 'Undefined prope...', 'C:\\xampp\\htdocs...', 9, Array)
#1 C:\xampp\htdocs\codedabble\system\CodeIgniter.php(832): App\Controllers\Home->index()
#2 C:\xampp\htdocs\codedabble\system\CodeIgniter.php(419): CodeIgniter\CodeIgniter->runController(Object(App\Controllers\Home))
#3 C:\xampp\htdocs\codedabble\system\CodeIgniter.php(326): CodeIgniter\CodeIgniter->handleRequest(NULL, Object(Config\Cache), false)
#4 C:\xampp\htdocs\codedabble\public\index.php(37): CodeIgniter\CodeIgniter->run()
#5 {main}
CRITICAL - 2022-03-01 08:09:12 --> include_once(navbar): failed to open stream: No such file or directory
#0 C:\xampp\htdocs\codedabble\app\Views\indexView.php(1): CodeIgniter\Debug\Exceptions->errorHandler(2, 'include_once(na...', 'C:\\xampp\\htdocs...', 1, Array)
#1 C:\xampp\htdocs\codedabble\app\Views\indexView.php(1): include_once()
#2 C:\xampp\htdocs\codedabble\system\View\View.php(210): include('C:\\xampp\\htdocs...')
#3 C:\xampp\htdocs\codedabble\system\View\View.php(213): CodeIgniter\View\View->CodeIgniter\View\{closure}()
#4 C:\xampp\htdocs\codedabble\system\Common.php(1089): CodeIgniter\View\View->render('indexView', Array, true)
#5 C:\xampp\htdocs\codedabble\app\Controllers\Home.php(9): view('indexView')
#6 C:\xampp\htdocs\codedabble\system\CodeIgniter.php(832): App\Controllers\Home->index()
#7 C:\xampp\htdocs\codedabble\system\CodeIgniter.php(419): CodeIgniter\CodeIgniter->runController(Object(App\Controllers\Home))
#8 C:\xampp\htdocs\codedabble\system\CodeIgniter.php(326): CodeIgniter\CodeIgniter->handleRequest(NULL, Object(Config\Cache), false)
#9 C:\xampp\htdocs\codedabble\public\index.php(37): CodeIgniter\CodeIgniter->run()
#10 {main}
CRITICAL - 2022-03-01 20:22:56 --> Undefined variable: data
#0 C:\xampp\htdocs\codedabble\app\Controllers\Home.php(9): CodeIgniter\Debug\Exceptions->errorHandler(8, 'Undefined varia...', 'C:\\xampp\\htdocs...', 9, Array)
#1 C:\xampp\htdocs\codedabble\system\CodeIgniter.php(832): App\Controllers\Home->index()
#2 C:\xampp\htdocs\codedabble\system\CodeIgniter.php(419): CodeIgniter\CodeIgniter->runController(Object(App\Controllers\Home))
#3 C:\xampp\htdocs\codedabble\system\CodeIgniter.php(326): CodeIgniter\CodeIgniter->handleRequest(NULL, Object(Config\Cache), false)
#4 C:\xampp\htdocs\codedabble\public\index.php(37): CodeIgniter\CodeIgniter->run()
#5 {main}
CRITICAL - 2022-03-01 20:38:28 --> Invalid file: hehe.php
#0 C:\xampp\htdocs\codedabble\system\View\View.php(198): CodeIgniter\Exceptions\FrameworkException::forInvalidFile('hehe.php')
#1 C:\xampp\htdocs\codedabble\system\Common.php(1089): CodeIgniter\View\View->render('hehe', Array, true)
#2 C:\xampp\htdocs\codedabble\app\Controllers\Home.php(10): view('hehe')
#3 C:\xampp\htdocs\codedabble\system\CodeIgniter.php(832): App\Controllers\Home->index()
#4 C:\xampp\htdocs\codedabble\system\CodeIgniter.php(419): CodeIgniter\CodeIgniter->runController(Object(App\Controllers\Home))
#5 C:\xampp\htdocs\codedabble\system\CodeIgniter.php(326): CodeIgniter\CodeIgniter->handleRequest(NULL, Object(Config\Cache), false)
#6 C:\xampp\htdocs\codedabble\public\index.php(37): CodeIgniter\CodeIgniter->run()
#7 {main}
